
ROM used:   8798/32768 (27%)
            8798/32768 (27%) including unused fragments

            1.4 Average locations per line
            6.3 Average locations per statement

RAM used:   1119/2048 (55%) at main() level
            1199/2048 (59%) worst case

Stack used: 7 worst case (7 in main + 0 for interrupts)
Stack size: 31

Lines Stmts  %   Files
----- ----- ---  -----
   43    26   2  bai632_glcd_dong_ho_kim_phut_giay.c
   24     0   0  tv_kit_vdk_pic_all.c
  212    46   3  tv_00_define_18f4550.c
  837     0   0  C:\Program Files (x86)\PICC\Devices\18f4550.h
  209    88   6  tv_01_4_nutnhan.c
   98    63   5  tv_02_matran_phim4x4_138.c
 2229   257  18  C:\Program Files (x86)\PICC\Drivers\math.h
   41    15   1  tv_03_32led_don.c
  105    47   3  tv_04_4led_7doan.c
  112    48   3  tv_05_8led_7doan_quet.c
  137    45   3  tv_05_i2c_ds13_pcf.c
   42    12   1  tv_06_lcd_glcd.c
  419   198  14  tv_06_lcd.c
   76    35   3  tv_dht11.c
  123    37   3  tv_08_relay_triac_buzzer_dc.c
  356    24   2  tv_07_adc_cb.c
   90    39   3  tv_07_ds18b20.c
  230    54   4  C:\Program Files (x86)\PICC\Drivers\touch.c
   66    27   2  tv_07_i2c_at24cxx.c
   60    20   1  tv_09_matran_led_mbi.c
  330   100   7  tv_06_glcd.c
  540   163  12  C:\Program Files (x86)\PICC\Drivers\graphics.c
   95    53   4  bai632_glcd_dong_ho_kim_phut_giay_tv.c
----- -----
 6474  1397 Total

Page ROM  %  RAM   Vol Diff  Functions:
---- --- --- ---   --- ----  ----------
0     40   0    1             @delay_ms1
0    106   1    3             @I2C_READ_1
0    118   1    1             @I2C_WRITE_1
0     42   0    2   239  4.3  xuat_1byte
0     22   0    4   131  2.8  xuat_1word
0    112   1    0   396  1.4  xoa_tat_6module
0     58   0    0   253  2.3  set_up_port
0    124   1   10             @FLT
0     60   0    4             @SFTOI
0     54   0    2             @ITOF
0    246   1   11             @MULFF
0    632   4   16             @ADDFF
0    350   2   14             @DIVFF
0     80   0    2             @SITOF
0    904   5   46  1146  9.9  cos
0     76   0    8    44  1.9  sin
0    168   1    3   262  4.6  ds1307_cap_nhat_time
0    190   1    4   280  4.0  ds1307_doc_time
0     30   0    0    89  1.5  ds1307_kiem_tra_ma
0     36   0    0   152  1.8  xuat_glcd_lcd
0     20   0    2   104  3.0  xuat_glcd
0     78   0    2             @MUL88
0      2   0    0             @const1100
0     10   0    0             @const1111
0     22   0    0             @const1113
0     12   0    0             @const1158
0     38   0    1   123  2.2  glcd_xuat_db
0     10   0    1    43  1.5  glcd_command
0     12   0    1    43  1.5  glcd_data
0     88   1    1   285  1.9  setup_glcd
0    122   1    7   338  5.1  glcd_mau_nen
0     34   0    5             @MUL1616
0    268   2    6   510  8.0  glcd_pixel
0    238   1    3   447  5.2  gdram_vdk_to_gdram_glcd_all
0    272   2    0   898  6.3  @const1269
0    236   1    0   898  6.3  @const1273
0    310   2   17  1519  9.2  glcd_line
0     84   0    6   898  6.3  @MULS1616
0    528   3   12  1846  8.8  glcd_circle
0    440   3   20  1598 11.2  glcd_text57
0    472   3   20  2005  4.0  glcd_ve_cac_vong_tron_so
0    580   3    7   438  5.6  tinh_vi_tri_kim_giay
0    582   3    7   438  5.6  tinh_vi_tri_kim_phut
0    168   1    4   480  2.4  glcd_ve_kim_giay
0     88   1    4   245  2.4  glcd_ve_kim_phut
0     28   0    0   663  6.2  @const1378
0    170   1    1   353  3.7  glcd_dong_ho_so
0    434   2    1  1113  6.8  MAIN
 Inline         0   898  6.3  @cinit1

Program metrics:
    Functions               33
    Statements              1397
    Comments                1701
    Volume (V)              33729
    Difficulty (D)          154.9
    Effort to implement (E) 5223151
    Time to implement (T)   80 hours, 36 minutes
    Est Delivered Bugs (B)  10
    Cyclomatic Complexity   58
    Maintainability (MI)    24

 Segment     Used  Free
-----------  ----  ----
00000-00002     4  0  
00004-07FFE  8794  23970  



