
ROM used:   1606/32768 (5%)
            1606/32768 (5%) including unused fragments

            0.3 Average locations per line
            1.5 Average locations per statement

RAM used:   52/2048 (3%) at main() level
            71/2048 (3%) worst case

Stack used: 7 worst case (7 in main + 0 for interrupts)
Stack size: 31

Lines Stmts  %   Files
----- ----- ---  -----
   81    43   4  bai_609_lcd_4led_dem_sp_t0_ud.c
   24     0   0  tv_kit_vdk_pic_all.c
  212    46   4  tv_00_define_18f4550.c
  837     0   0  C:\Program Files (x86)\PICC\Devices\18f4550.h
  209    88   8  tv_01_4_nutnhan.c
   98    63   6  tv_02_matran_phim4x4_138.c
 2229   257  23  C:\Program Files (x86)\PICC\Drivers\math.h
   41    15   1  tv_03_32led_don.c
  105    47   4  tv_04_4led_7doan.c
  112    48   4  tv_05_8led_7doan_quet.c
  137    45   4  tv_05_i2c_ds13_pcf.c
   42    12   1  tv_06_lcd_glcd.c
  419   198  18  tv_06_lcd.c
   76    35   3  tv_dht11.c
  123    37   3  tv_08_relay_triac_buzzer_dc.c
  356    24   2  tv_07_adc_cb.c
   90    39   4  tv_07_ds18b20.c
  230    54   5  C:\Program Files (x86)\PICC\Drivers\touch.c
   66    27   2  tv_07_i2c_at24cxx.c
   60    20   2  tv_09_matran_led_mbi.c
----- -----
 5547  1098 Total

Page ROM  %  RAM   Vol Diff  Functions:
---- --- --- ---   --- ----  ----------
0     38   1    1             @delay_ms1
0     26   1    1             @delay_us1
0     32   1    0             @const667
0     38   1    2   239  4.3  xuat_1byte
0     22   1    4   131  2.8  xuat_1word
0     88   3    0   396  1.4  xoa_tat_6module
0     58   2    0   253  2.3  set_up_port
0     68   2    3   198  3.6  phim_bt0_c2
0     68   2    3   194  3.9  phim_bt1_c2
0     36   1    4   160  1.8  xuat_32led_don_4byte
0     36   1    8   245  3.1  xuat_32led_don_2word
0     36   1    0   152  1.8  xuat_4led_7doan_4so
0    142   4    6   305  5.1  md4l7d_giaima_2so_vitri_vn
0     40   1    3             @DIV88
0     36   1    0   152  1.8  xuat_glcd_lcd
0     16   0    2   104  3.0  xuat_lcd
0     38   1    1   123  2.2  lcd_xuat
0     10   0    1    43  1.5  lcd_command
0     10   0    1    43  1.5  lcd_data
0     72   2    0   297  2.3  lcd_setup
0     20   1    0             @const986
0     26   1    3   145  3.9  lcd_goto_xy
0      2   0    0             @const1100
0     32   1    2             @PSTRINGC_977
0     10   0    0             @const1111
0     22   1    0             @const1113
0     30   1    2   158  2.7  xuat_buzzer_relay
0     36   1    3    94  1.7  buzzer_on_off
0     12   0    0             @const1158
0     32   1    0    82  1.6  b609_hienthi_4led7doan
0     38   1    0   152  3.0  b609_dem_sp_t0
0     62   2    1   114  3.0  lcd_hienthi_gt_cai
0     64   2    1   114  3.0  lcd_hienthi_gt_dem
0    262   8    1   607  4.2  MAIN
0     22   1    0   676  5.8  @const1209
0     22   1    0   866  6.2  @const1210
 Inline         0   676  5.8  @cinit1

Program metrics:
    Functions               27
    Statements              1098
    Comments                1380
    Volume (V)              12537
    Difficulty (D)          83.6
    Effort to implement (E) 1047761
    Time to implement (T)   16 hours, 10 minutes
    Est Delivered Bugs (B)  3
    Cyclomatic Complexity   21
    Maintainability (MI)    29

 Segment     Used  Free
-----------  ----  ----
00000-00002     4  0  
00004-07FFE  1602  31162  



