
ROM used:   1134/32768 (3%)
            1134/32768 (3%) including unused fragments

            0.2 Average locations per line
            1.0 Average locations per statement

RAM used:   74/2048 (4%) at main() level
            94/2048 (5%) worst case

Stack used: 5 worst case (4 in main + 1 for interrupts)
Stack size: 31

Lines Stmts  %   Files
----- ----- ---  -----
   46    34   3  bai_515_dem_gio_phut_giay.c
   24     0   0  C:\Program Files (x86)\PICC\Drivers\tv_kit_vdk_pic_all.c
  212    46   4  C:\Program Files (x86)\PICC\Drivers\tv_00_define_18f4550.c
  837     0   0  C:\Program Files (x86)\PICC\Devices\18f4550.h
  209    88   8  C:\Program Files (x86)\PICC\Drivers\tv_01_4_nutnhan.c
   98    63   6  C:\Program Files (x86)\PICC\Drivers\tv_02_matran_phim4x4_138.c
 2229   257  22  C:\Program Files (x86)\PICC\Drivers\math.h
   41    15   1  C:\Program Files (x86)\PICC\Drivers\tv_03_32led_don.c
  105    47   4  C:\Program Files (x86)\PICC\Drivers\tv_04_4led_7doan.c
  112    48   4  C:\Program Files (x86)\PICC\Drivers\tv_05_8led_7doan_quet.c
  137    45   4  C:\Program Files (x86)\PICC\Drivers\tv_05_i2c_ds13_pcf.c
   42    12   1  C:\Program Files (x86)\PICC\Drivers\tv_06_lcd_glcd.c
  435   206  18  C:\Program Files (x86)\PICC\Drivers\tv_06_lcd.c
   76    35   3  C:\Program Files (x86)\PICC\Drivers\tv_dht11.c
  123    37   3  C:\Program Files (x86)\PICC\Drivers\tv_08_relay_triac_buzzer_dc.c
  419    72   6  C:\Program Files (x86)\PICC\Drivers\tv_07_adc_cb.c
   90    39   3  C:\Program Files (x86)\PICC\Drivers\tv_07_ds18b20.c
  230    54   5  C:\Program Files (x86)\PICC\Drivers\touch.c
   66    27   2  C:\Program Files (x86)\PICC\Drivers\tv_07_i2c_at24cxx.c
   60    20   2  C:\Program Files (x86)\PICC\Drivers\tv_09_matran_led_mbi.c
----- -----
 5591  1145 Total

Page ROM  %  RAM   Vol Diff  Functions:
---- --- --- ---   --- ----  ----------
0     40   2    1             @delay_ms1
0     42   2    0             @const667
0     38   2    2   239  4.3  xuat_1byte
0     22   1    4   131  2.8  xuat_1word
0     88   4    0   396  1.4  xoa_tat_6module
0     58   3    0   253  2.3  set_up_port
0     40   2    3             @DIV88
0     36   2    0             @const907
0     50   2    3   123  2.6  xuat_8led_7doan_quet
0     12   1    0    25  1.2  tat_8led_7doan_quet
0     54   2    2   171  4.0  hien_thi_8led_7doan_quet
0    142   6    6   305  5.1  md8l7d_gma_2so_vitri_vn
0      2   0    0             @const1100
0      2   0    0             @const1106
0      2   0    0             @const1111
0     10   0    0             @const1121
0     22   1    0             @const1123
0     12   1    0             @const1182
0     16   1    0    29  1.2  interrupt_timer3
0    300  13    0   987  6.3  MAIN
 Inline         0    96  2.1  @cinit1

Program metrics:
    Functions               11
    Statements              1145
    Comments                1388
    Volume (V)              4359
    Difficulty (D)          33.4
    Effort to implement (E) 145555
    Time to implement (T)   2 hours, 15 minutes
    Est Delivered Bugs (B)  1
    Cyclomatic Complexity   8
    Maintainability (MI)    15

 Segment     Used  Free
-----------  ----  ----
00000-00002     4  0  
00004-00006     0  4  
00008-00094   142  0  
00096-07FFE   988  31630  



