
ROM used:   1044/32768 (3%)
            1044/32768 (3%) including unused fragments

            0.2 Average locations per line
            1.0 Average locations per statement

RAM used:   53/2048 (3%) at main() level
            72/2048 (4%) worst case

Stack used: 4 worst case (4 in main + 0 for interrupts)
Stack size: 31

Lines Stmts  %   Files
----- ----- ---  -----
   41    23   2  bai_408_cai_gh_0_99_mtp4x4.c
   24     0   0  tv_kit_vdk_pic_all.c
  212    46   4  tv_00_define_18f4550.c
  837     0   0  C:\Program Files (x86)\PICC\Devices\18f4550.h
  209    88   8  tv_01_4_nutnhan.c
   98    63   6  tv_02_matran_phim4x4_138.c
 2229   257  24  C:\Program Files (x86)\PICC\Drivers\math.h
   41    15   1  tv_03_32led_don.c
  105    47   4  tv_04_4led_7doan.c
  112    48   4  tv_05_8led_7doan_quet.c
  137    45   4  tv_05_i2c_ds13_pcf.c
   42    12   1  tv_06_lcd_glcd.c
  419   198  18  tv_06_lcd.c
   76    35   3  tv_dht11.c
  123    37   3  tv_08_relay_triac_buzzer_dc.c
  356    24   2  tv_07_adc_cb.c
   90    39   4  tv_07_ds18b20.c
  230    54   5  C:\Program Files (x86)\PICC\Drivers\touch.c
   66    27   3  tv_07_i2c_at24cxx.c
   60    20   2  tv_09_matran_led_mbi.c
----- -----
 5507  1078 Total

Page ROM  %  RAM   Vol Diff  Functions:
---- --- --- ---   --- ----  ----------
0     38   2    1             @delay_ms1
0     32   2    0             @const667
0     38   2    2   239  4.3  xuat_1byte
0     22   1    4   131  2.8  xuat_1word
0     88   4    0   396  1.4  xoa_tat_6module
0     58   3    0   253  2.3  set_up_port
0     20   1    0             @const704
0    112   5    4   627  8.1  key_nhan
0     50   2    2   245  5.0  key_4x4_dw
0     36   2    0   152  1.8  xuat_4led_7doan_4so
0    144   7    6   305  5.1  md4l7d_giaima_2so_vitri_vn
0     40   2    3             @DIV88
0     76   4    2             @MUL88
0      2   0    0             @const1100
0     10   0    0             @const1111
0     22   1    0             @const1113
0     12   1    0             @const1158
0     34   2    1    88  2.9  b408_hienthi_4led7doan
0    206  10    1   434  4.2  MAIN
 Inline         0    70  1.9  @cinit1

Program metrics:
    Functions               11
    Statements              1078
    Comments                1375
    Volume (V)              4835
    Difficulty (D)          39.0
    Effort to implement (E) 188370
    Time to implement (T)   2 hours, 54 minutes
    Est Delivered Bugs (B)  1
    Cyclomatic Complexity   15
    Maintainability (MI)    15

 Segment     Used  Free
-----------  ----  ----
00000-00002     4  0  
00004-07FFE  1040  31724  



