
ROM used:   1118/32768 (3%)
            1118/32768 (3%) including unused fragments

            0.2 Average locations per line
            1.0 Average locations per statement

RAM used:   70/2048 (3%) at main() level
            89/2048 (4%) worst case

Stack used: 4 worst case (4 in main + 0 for interrupts)
Stack size: 31

Lines Stmts  %   Files
----- ----- ---  -----
   41    23   2  bai_407_cai_gh_0_99_2bt_up.c
   24     0   0  tv_kit_vdk_pic_all.c
  212    46   4  tv_00_define_18f4550.c
  837     0   0  C:\Program Files (x86)\PICC\Devices\18f4550.h
  209    88   8  tv_01_4_nutnhan.c
   55    50   5  tv_02_matran_phim4x4_138.c
 2229   257  23  C:\Program Files (x86)\PICC\Drivers\math.h
   41    15   1  tv_03_32led_don.c
  105    47   4  tv_04_4led_7doan.c
  112    48   4  tv_05_8led_7doan_quet.c
   42    12   1  tv_06_lcd_glcd.c
  435   206  19  tv_06_lcd.c
   76    35   3  tv_dht11.c
  123    37   3  tv_08_relay_triac_buzzer_dc.c
  419    72   6  tv_07_adc_cb.c
   90    39   4  tv_07_ds18b20.c
  230    54   5  C:\Program Files (x86)\PICC\Drivers\touch.c
   64    29   3  tv_08_step_motor.c
   82    33   3  tv_08_dc_motor.c
   60    20   2  tv_09_matran_led_mbi.c
----- -----
 5486  1111 Total

Page ROM  %  RAM   Vol Diff  Functions:
---- --- --- ---   --- ----  ----------
0     40   2    1             @delay_ms1
0     32   1    0             @const663
0     38   2    2   239  4.3  xuat_1byte
0     22   1    4   131  2.8  xuat_1word
0     88   4    0   396  1.4  xoa_tat_6module
0     58   3    0   253  2.3  set_up_port
0     48   2    1   282  3.2  TIMHANG
0     92   4    1   601  7.1  KEYPRESS
0     34   2    0             @goto10794
0     48   2    0   219  3.0  KEY_4X4_DW
0     36   2    0   152  1.8  xuat_4led_7doan_4so
0    144   6    6   305  5.1  md4l7d_giaima_2so_vitri_vn
0     40   2    3             @DIV88
0     76   3    2             @MUL88
0      2   0    0             @const1067
0      2   0    0             @const1073
0      2   0    0             @const1078
0     10   0    0             @const1088
0     22   1    0             @const1090
0     12   1    0             @const1149
0     34   2    1    88  2.9  b408_hienthi_4led7doan
0    234  10    1   434  4.2  MAIN
 Inline         0   407  4.2  @cinit1

Program metrics:
    Functions               12
    Statements              1111
    Comments                1331
    Volume (V)              5878
    Difficulty (D)          41.4
    Effort to implement (E) 243420
    Time to implement (T)   3 hours, 45 minutes
    Est Delivered Bugs (B)  1
    Cyclomatic Complexity   21
    Maintainability (MI)    36

 Segment     Used  Free
-----------  ----  ----
00000-00002     4  0  
00004-07FFE  1114  31650  



