
ROM used:   1604/32768 (5%)
            1604/32768 (5%) including unused fragments

            0.3 Average locations per line
            1.4 Average locations per statement

RAM used:   65/2048 (3%) at main() level
            87/2048 (4%) worst case

Stack used: 6 worst case (6 in main + 0 for interrupts)
Stack size: 31

Lines Stmts  %   Files
----- ----- ---  -----
  125    88   8  bai_338_32led_3y_chay_td_4yc_dung_if.c
   24     0   0  tv_kit_vdk_pic_all.c
  212    46   4  tv_00_define_18f4550.c
  837     0   0  C:\Program Files (x86)\PICC\Devices\18f4550.h
  209    88   8  tv_01_4_nutnhan.c
   98    63   6  tv_02_matran_phim4x4_138.c
 2229   257  22  C:\Program Files (x86)\PICC\Drivers\math.h
   41    15   1  tv_03_32led_don.c
  105    47   4  tv_04_4led_7doan.c
  112    48   4  tv_05_8led_7doan_quet.c
  137    45   4  tv_05_i2c_ds13_pcf.c
   42    12   1  tv_06_lcd_glcd.c
  419   198  17  tv_06_lcd.c
   76    35   3  tv_dht11.c
  123    37   3  tv_08_relay_triac_buzzer_dc.c
  356    24   2  tv_07_adc_cb.c
   90    39   3  tv_07_ds18b20.c
  230    54   5  C:\Program Files (x86)\PICC\Drivers\touch.c
   66    27   2  tv_07_i2c_at24cxx.c
   60    20   2  tv_09_matran_led_mbi.c
----- -----
 5591  1143 Total

Page ROM  %  RAM   Vol Diff  Functions:
---- --- --- ---   --- ----  ----------
0     40   1    1             @delay_ms1
0     38   1    2   239  4.3  xuat_1byte
0     22   1    4   131  2.8  xuat_1word
0     88   3    0   396  1.4  xoa_tat_6module
0     58   2    0   253  2.3  set_up_port
0     36   1    4   160  1.8  xuat_32led_don_4byte
0     38   1    8   245  3.1  xuat_32led_don_2word
0     36   1    9   120  2.8  xuat_32led_don_1dw
0      2   0    0             @const1100
0     10   0    0             @const1111
0     22   1    0             @const1113
0     12   0    0             @const1158
0    182   6    5   290  4.6  h327_32led_std_pst_if
0    172   5    5   290  4.6  h327_32led_std_tsp_if
0    298   9    5   550  5.2  h327_32led_std_tnv_if
0    332  10    5   587  5.7  h327_32led_std_ttr_if
0     32   1    0   161  2.1  bai338_32led_chay_td_4yc_dung_if
0    182   6    0   117  2.1  MAIN
 Inline         0             @cinit1

Program metrics:
    Functions               13
    Statements              1143
    Comments                1375
    Volume (V)              6021
    Difficulty (D)          42.4
    Effort to implement (E) 255451
    Time to implement (T)   3 hours, 57 minutes
    Est Delivered Bugs (B)  1
    Cyclomatic Complexity   13
    Maintainability (MI)    55

 Segment     Used  Free
-----------  ----  ----
00000-00002     4  0  
00004-07FFE  1600  31164  



