
ROM used:   2266/32768 (7%)
            2266/32768 (7%) including unused fragments

            0.4 Average locations per line
            1.8 Average locations per statement

RAM used:   61/2048 (3%) at main() level
            81/2048 (4%) worst case

Stack used: 6 worst case (6 in main + 0 for interrupts)
Stack size: 31

Lines Stmts  %   Files
----- ----- ---  -----
   31    21   2  bai_817_dc_motor_UP_DW_STOP_PAUSE_dungPWM_quaythuan.c
   24     0   0  tv_kit_vdk_pic_all.c
  212    46   4  tv_00_define_18f4550.c
  837     0   0  C:\Program Files (x86)\PICC\Devices\18f4550.h
  209    88   7  tv_01_4_nutnhan.c
   98    63   5  tv_02_matran_phim4x4_138.c
 2229   257  21  C:\Program Files (x86)\PICC\Drivers\math.h
   41    15   1  tv_03_32led_don.c
  105    47   4  tv_04_4led_7doan.c
  112    48   4  tv_05_8led_7doan_quet.c
  137    45   4  tv_05_i2c_ds13_pcf.c
   42    12   1  tv_06_lcd_glcd.c
  435   206  17  tv_06_lcd.c
   76    35   3  tv_dht11.c
  123    37   3  tv_08_relay_triac_buzzer_dc.c
  419    72   6  tv_07_adc_cb.c
   90    39   3  tv_07_ds18b20.c
  230    54   4  C:\Program Files (x86)\PICC\Drivers\touch.c
   66    27   2  tv_07_i2c_at24cxx.c
   60    20   2  tv_09_matran_led_mbi.c
   82    33   3  tv_08_dc_motor.c
  116    66   5  bai_817_dc_motor_tv_1.c
----- -----
 5774  1231 Total

Page ROM  %  RAM   Vol Diff  Functions:
---- --- --- ---   --- ----  ----------
0     40   1    1             @delay_ms1
0     26   1    1             @delay_us1
0     32   1    0             @const667
0     38   1    2   239  4.3  xuat_1byte
0     22   0    4   131  2.8  xuat_1word
0     88   2    0   396  1.4  xoa_tat_6module
0     58   1    0   253  2.3  set_up_port
0     68   2    3   198  3.6  phim_bt0_c2
0     68   2    3   192  4.2  phim_bt2_c2
0     36   1    4   160  1.8  xuat_32led_don_4byte
0     36   1    8   245  3.1  xuat_32led_don_2word
0     40   1    3             @DIV88
0     66   1    5             @DIV1616
0     26   1    0             @const907
0     50   1    3   123  2.6  xuat_8led_7doan_quet
0     12   0    0    25  1.2  tat_8led_7doan_quet
0     52   1    2   171  4.0  hien_thi_8led_7doan_quet
0    144   3    6   305  5.1  md8l7d_gma_2so_vitri_vn
0    440  10    9   759  5.4  md8l7d_gma_4so_vitri_vn
0      2   0    0             @const1100
0      2   0    0             @const1106
0      2   0    0             @const1111
0     10   0    0             @const1121
0     22   0    0             @const1123
0     32   1    2   158  2.7  xuat_buzzer_relay
0     12   0    0             @const1182
0      8   0    0    29  1.2  dc_motor_enable
0     24   1    0    48  1.1  dc_motor_ktao_ccp1_thuan
0     36   1    0   102  2.5  giai_ma_7doan_quet
0     50   1    0   185  4.4  hthi_dlay_up_pause
0     98   2    2   214  4.9  tang_toc_up
0     30   1    5  2853  9.9  @MUL1616
0     50   1    1   163  3.5  phim_up
0    126   3    2   333  5.6  giam_toc_dw
0     44   1    1   119  3.4  phim_dw
0     94   2    0   267  3.7  phim_stop
0    278   6    0   478  4.7  MAIN
 Inline         0  2853  9.9  @cinit1

Program metrics:
    Functions               26
    Statements              1231
    Comments                1394
    Volume (V)              18160
    Difficulty (D)          102.0
    Effort to implement (E) 1852145
    Time to implement (T)   28 hours, 35 minutes
    Est Delivered Bugs (B)  5
    Cyclomatic Complexity   34
    Maintainability (MI)    27

 Segment     Used  Free
-----------  ----  ----
00000-00002     4  0  
00004-07FFE  2262  30502  



