
ROM used:   2294/32768 (7%)
            2294/32768 (7%) including unused fragments

            0.4 Average locations per line
            1.9 Average locations per statement

RAM used:   1079/2048 (53%) at main() level
            1099/2048 (54%) worst case

Stack used: 9 worst case (9 in main + 0 for interrupts)
Stack size: 31

Lines Stmts  %   Files
----- ----- ---  -----
   83    47   4  bai_623_glcd_lcd_4led_dem_sp_t0.c
   24     0   0  tv_kit_vdk_pic_all.c
  212    46   4  tv_00_define_18f4550.c
  837     0   0  C:\Program Files (x86)\PICC\Devices\18f4550.h
  209    88   7  tv_01_4_nutnhan.c
   98    63   5  tv_02_matran_phim4x4_138.c
 2229   257  21  C:\Program Files (x86)\PICC\Drivers\math.h
   41    15   1  tv_03_32led_don.c
  105    47   4  tv_04_4led_7doan.c
  112    48   4  tv_05_8led_7doan_quet.c
  137    45   4  tv_05_i2c_ds13_pcf.c
   42    12   1  tv_06_lcd_glcd.c
  419   198  16  tv_06_lcd.c
   76    35   3  tv_dht11.c
  123    37   3  tv_08_relay_triac_buzzer_dc.c
  356    24   2  tv_07_adc_cb.c
   90    39   3  tv_07_ds18b20.c
  230    54   4  C:\Program Files (x86)\PICC\Drivers\touch.c
   66    27   2  tv_07_i2c_at24cxx.c
   60    20   2  tv_09_matran_led_mbi.c
  330   100   8  tv_06_glcd.c
----- -----
 5879  1202 Total

Page ROM  %  RAM   Vol Diff  Functions:
---- --- --- ---   --- ----  ----------
0     40   1    1             @delay_ms1
0     32   1    0             @const667
0     42   1    2   239  4.3  xuat_1byte
0     22   0    4   131  2.8  xuat_1word
0    112   2    0   396  1.4  xoa_tat_6module
0     58   1    0   253  2.3  set_up_port
0     36   1    0   152  1.8  xuat_4led_7doan_4so
0    158   3    6   305  5.1  md4l7d_giaima_2so_vitri_vn
0     44   1    3             @DIV88
0     34   1    0   152  1.8  xuat_glcd_lcd
0     20   0    2   104  3.0  xuat_lcd
0     20   0    2   104  3.0  xuat_glcd
0     38   1    1   123  2.2  lcd_xuat
0     10   0    1    43  1.5  lcd_command
0     10   0    1    43  1.5  lcd_data
0     92   2    0   297  2.3  lcd_setup
0     20   0    0             @const986
0     34   1    3   145  3.9  lcd_goto_xy
0     76   2    0             @const992
0     80   2    0             @const996
0     60   1    2   127  3.5  lcd_khoi_tao_cgram_so_to
0    112   2    6   280  5.8  lcd_hien_thi_so_to
0     80   2    2             @MUL88
0     64   1    4   241  5.3  lcd_xoa_so_to
0      2   0    0             @const1100
0     34   1    2             @PSTRINGC_977
0     10   0    0             @const1111
0     22   0    0             @const1113
0     30   1    2   158  2.7  xuat_buzzer_relay
0     44   1    3    94  1.7  buzzer_on_off
0     12   0    0             @const1158
0     38   1    1   123  2.2  glcd_xuat_db
0     10   0    1    43  1.5  glcd_command
0     10   0    1    43  1.5  glcd_data
0     90   2    1   285  1.9  setup_glcd
0     40   1    0    82  1.6  b622_hienthi_4led7doan
0    134   3    1   204  3.6  h622_lcd_gma_hthi
0    166   4    6   496  5.8  h622_glcd_gma_hthi
0     68   1    0   204  3.6  b622_dem_sp_glcd_lcd_4l7d_t0
0    218   5    0   280  3.1  MAIN
0     20   0    0   898  6.3  @const1284
0     14   0    0    72  1.5  @const1285
0     34   1    2   898  6.3  @PSTRINGC_1210
 Inline         0   898  6.3  @cinit1

Program metrics:
    Functions               32
    Statements              1202
    Comments                1476
    Volume (V)              15013
    Difficulty (D)          100.5
    Effort to implement (E) 1509258
    Time to implement (T)   23 hours, 17 minutes
    Est Delivered Bugs (B)  4
    Cyclomatic Complexity   22
    Maintainability (MI)    36

 Segment     Used  Free
-----------  ----  ----
00000-00002     4  0  
00004-07FFE  2290  30474  



