
ROM used:   1402/32768 (4%)
            1402/32768 (4%) including unused fragments

            0.2 Average locations per line
            1.2 Average locations per statement

RAM used:   80/2048 (4%) at main() level
            100/2048 (5%) worst case

Stack used: 4 worst case (4 in main + 0 for interrupts)
Stack size: 31

Lines Stmts  %   Files
----- ----- ---  -----
   27    11   1  bai_518_clock_ds1307_8led7doan.c
   24     0   0  tv_kit_vdk_pic_all.c
  212    46   4  tv_00_define_18f4550.c
  837     0   0  C:\Program Files (x86)\PICC\Devices\18f4550.h
  209    88   7  tv_01_4_nutnhan.c
   98    63   5  tv_02_matran_phim4x4_138.c
 2229   257  22  C:\Program Files (x86)\PICC\Drivers\math.h
   41    15   1  tv_03_32led_don.c
  105    47   4  tv_04_4led_7doan.c
  112    48   4  tv_05_8led_7doan_quet.c
  137    45   4  tv_05_i2c_ds13_pcf.c
   42    12   1  tv_06_lcd_glcd.c
  435   206  17  tv_06_lcd.c
   76    35   3  tv_dht11.c
  123    37   3  tv_08_relay_triac_buzzer_dc.c
  419    72   6  tv_07_adc_cb.c
   90    39   3  tv_07_ds18b20.c
  230    54   5  C:\Program Files (x86)\PICC\Drivers\touch.c
   66    27   2  tv_07_i2c_at24cxx.c
   64    29   2  tv_08_step_motor.c
   82    33   3  tv_08_dc_motor.c
   60    20   2  tv_09_matran_led_mbi.c
----- -----
 5718  1184 Total

Page ROM  %  RAM   Vol Diff  Functions:
---- --- --- ---   --- ----  ----------
0     40   1    1             @delay_ms1
0    102   4    3             @I2C_READ_1
0    108   4    1  1121 10.1  @I2C_WRITE_1
0     32   1    0             @const667
0     38   1    2   239  4.3  xuat_1byte
0     22   1    4   131  2.8  xuat_1word
0     88   3    0   396  1.4  xoa_tat_6module
0     58   2    0   253  2.3  set_up_port
0     26   1    0   672  6.3  @const907
0     50   2    3   123  2.6  xuat_8led_7doan_quet
0     12   0    0    25  1.2  tat_8led_7doan_quet
0     54   2    2   171  4.0  hien_thi_8led_7doan_quet
0    122   4    6   293  5.1  md8l7d_gma_so_bcd_vitri_vn
0    148   5    3   262  4.6  ds1307_cap_nhat_time
0    170   6    4   280  4.0  ds1307_doc_time
0     22   1    0    89  1.5  ds1307_kiem_tra_ma
0      2   0    0             @const1100
0      2   0    0             @const1106
0      2   0    0             @const1111
0     10   0    0             @const1121
0     22   1    0             @const1123
0     12   0    0             @const1182
0     46   2    0   165  2.2  b518_giai_ma_8led_quet
0    210   7    0   136  3.4  MAIN
 Inline         0   172  2.6  @cinit1

Program metrics:
    Functions               16
    Statements              1184
    Comments                1399
    Volume (V)              7681
    Difficulty (D)          59.1
    Effort to implement (E) 453782
    Time to implement (T)   7 hours, 0 minutes
    Est Delivered Bugs (B)  2
    Cyclomatic Complexity   22
    Maintainability (MI)    116

 Segment     Used  Free
-----------  ----  ----
00000-00002     4  0  
00004-07FFE  1398  31366  



