
ROM used:   1492/32768 (5%)
            1492/32768 (5%) including unused fragments

            0.3 Average locations per line
            1.2 Average locations per statement

RAM used:   78/2048 (4%) at main() level
            98/2048 (5%) worst case

Stack used: 5 worst case (4 in main + 1 for interrupts)
Stack size: 31

Lines Stmts  %   Files
----- ----- ---  -----
   48    25   2  bai_812_dc_motor_on_off_quay_dao_theo_time.c
   24     0   0  tv_kit_vdk_pic_all.c
  212    46   4  tv_00_define_18f4550.c
  837     0   0  C:\Program Files (x86)\PICC\Devices\18f4550.h
  209    88   7  tv_01_4_nutnhan.c
   98    63   5  tv_02_matran_phim4x4_138.c
 2229   257  21  C:\Program Files (x86)\PICC\Drivers\math.h
   41    15   1  tv_03_32led_don.c
  105    47   4  tv_04_4led_7doan.c
  112    48   4  tv_05_8led_7doan_quet.c
  137    45   4  tv_05_i2c_ds13_pcf.c
   42    12   1  tv_06_lcd_glcd.c
  428   203  17  tv_06_lcd.c
   76    35   3  tv_dht11.c
  123    37   3  tv_08_relay_triac_buzzer_dc.c
  419    72   6  tv_07_adc_cb.c
   90    39   3  tv_07_ds18b20.c
  230    54   4  C:\Program Files (x86)\PICC\Drivers\touch.c
   66    27   2  tv_07_i2c_at24cxx.c
   60    20   2  tv_09_matran_led_mbi.c
   82    33   3  tv_08_dc_motor.c
   60    49   4  bai_812_dc_motor_tv.c
----- -----
 5728  1215 Total

Page ROM  %  RAM   Vol Diff  Functions:
---- --- --- ---   --- ----  ----------
0     40   1    1             @delay_ms1
0     42   1    0             @const667
0     38   1    2   239  4.3  xuat_1byte
0     22   1    4   131  2.8  xuat_1word
0     88   3    0   396  1.4  xoa_tat_6module
0     58   2    0   253  2.3  set_up_port
0     36   1    4   160  1.8  xuat_32led_don_4byte
0     36   1    8   245  3.1  xuat_32led_don_2word
0     40   1    3             @DIV88
0     36   1    0             @const907
0     50   2    3   123  2.6  xuat_8led_7doan_quet
0     12   0    0    25  1.2  tat_8led_7doan_quet
0     54   2    2   171  4.0  hien_thi_8led_7doan_quet
0    142   5    6   305  5.1  md8l7d_gma_2so_vitri_vn
0      2   0    0             @const1100
0      2   0    0             @const1106
0     10   0    0             @const1116
0     22   1    0             @const1118
0     32   1    2   158  2.7  xuat_buzzer_relay
0     12   0    0             @const1177
0      8   0    0    29  1.2  dc_motor_enable
0     12   0    0    32  1.0  dc_motor_quay_thuan
0     12   0    0    32  1.0  dc_motor_quay_nghich
0     10   0    0    32  1.0  dc_motor_stop
0     20   1    0    69  2.1  dc_motor_run
0     92   3    0   470  4.3  phim_on_off
0    138   5    2   780  4.8  dkdc_theo_giay
0     16   1    0    29  1.2  interrupt_timer3
0     28   1    0   127  3.9  tang_giay
0    236   8    0   367  4.7  MAIN
 Inline         0  1590  6.9  @cinit1

Program metrics:
    Functions               22
    Statements              1215
    Comments                1398
    Volume (V)              9923
    Difficulty (D)          65.1
    Effort to implement (E) 645760
    Time to implement (T)   9 hours, 58 minutes
    Est Delivered Bugs (B)  2
    Cyclomatic Complexity   19
    Maintainability (MI)    63

 Segment     Used  Free
-----------  ----  ----
00000-00002     4  0  
00004-00006     0  4  
00008-00094   142  0  
00096-07FFE  1346  31272  



