
ROM used:   852/32768 (3%)
            852/32768 (3%) including unused fragments

            0.1 Average locations per line
            0.7 Average locations per statement

RAM used:   81/2048 (4%) at main() level
            100/2048 (5%) worst case

Stack used: 4 worst case (4 in main + 0 for interrupts)
Stack size: 31

Lines Stmts  %   Files
----- ----- ---  -----
   19     9   1  bai_401_mtp4x4_7doan.c
   24     0   0  tv_kit_vdk_pic_all.c
  212    46   4  tv_00_define_18f4550.c
  837     0   0  C:\Program Files (x86)\PICC\Devices\18f4550.h
  209    88   7  tv_01_4_nutnhan.c
   98    63   5  tv_02_matran_phim4x4_138.c
 2229   257  22  C:\Program Files (x86)\PICC\Drivers\math.h
   41    15   1  tv_03_32led_don.c
  105    47   4  tv_04_4led_7doan.c
  112    48   4  tv_05_8led_7doan_quet.c
  137    45   4  tv_05_i2c_ds13_pcf.c
   42    12   1  tv_06_lcd_glcd.c
  435   206  17  tv_06_lcd.c
   76    35   3  tv_dht11.c
  123    37   3  tv_08_relay_triac_buzzer_dc.c
  419    72   6  tv_07_adc_cb.c
   90    39   3  tv_07_ds18b20.c
  230    54   5  C:\Program Files (x86)\PICC\Drivers\touch.c
   66    27   2  tv_07_i2c_at24cxx.c
   64    29   2  tv_08_step_motor.c
   82    33   3  tv_08_dc_motor.c
   60    20   2  tv_09_matran_led_mbi.c
----- -----
 5710  1182 Total

Page ROM  %  RAM   Vol Diff  Functions:
---- --- --- ---   --- ----  ----------
0     38   2    1             @delay_ms1
0     32   2    0             @const667
0     38   2    2   239  4.3  xuat_1byte
0     22   1    4   131  2.8  xuat_1word
0     88   5    0   396  1.4  xoa_tat_6module
0     58   3    0   253  2.3  set_up_port
0     20   1    0             @const704
0    112   7    4   627  8.1  key_nhan
0     82   5    2   442  5.1  key_4x4_up
0     36   2    4   160  1.8  xuat_32led_don_4byte
0     36   2    0   152  1.8  xuat_4led_7doan_4so
0      2   0    0             @const1100
0      2   0    0             @const1106
0      2   0    0             @const1111
0     10   1    0             @const1121
0     22   1    0             @const1123
0     12   1    0             @const1182
0    236  14    1   195  4.0  MAIN
 Inline         0             @cinit1

Program metrics:
    Functions               9
    Statements              1182
    Comments                1399
    Volume (V)              4135
    Difficulty (D)          30.4
    Effort to implement (E) 125917
    Time to implement (T)   1 hours, 57 minutes
    Est Delivered Bugs (B)  1
    Cyclomatic Complexity   12
    Maintainability (MI)    82

 Segment     Used  Free
-----------  ----  ----
00000-00002     4  0  
00004-07FFE   848  31916  



