
ROM used:   1170/32768 (4%)
            1170/32768 (4%) including unused fragments

            0.2 Average locations per line
            1.0 Average locations per statement

RAM used:   69/2048 (3%) at main() level
            88/2048 (4%) worst case

Stack used: 4 worst case (4 in main + 0 for interrupts)
Stack size: 31

Lines Stmts  %   Files
----- ----- ---  -----
   55    30   3  bai_412_dem_xung_t0_stop_run_32led.c
   24     0   0  tv_kit_vdk_pic_all.c
  212    46   4  tv_00_define_18f4550.c
  837     0   0  C:\Program Files (x86)\PICC\Devices\18f4550.h
  209    88   8  tv_01_4_nutnhan.c
   55    50   4  tv_02_matran_phim4x4_138.c
 2229   257  23  C:\Program Files (x86)\PICC\Drivers\math.h
   41    15   1  tv_03_32led_don.c
  105    47   4  tv_04_4led_7doan.c
  112    48   4  tv_05_8led_7doan_quet.c
   42    12   1  tv_06_lcd_glcd.c
  435   206  18  tv_06_lcd.c
   76    35   3  tv_dht11.c
  123    37   3  tv_08_relay_triac_buzzer_dc.c
  419    72   6  tv_07_adc_cb.c
   90    39   3  tv_07_ds18b20.c
  230    54   5  C:\Program Files (x86)\PICC\Drivers\touch.c
   64    29   3  tv_08_step_motor.c
   82    33   3  tv_08_dc_motor.c
   60    20   2  tv_09_matran_led_mbi.c
----- -----
 5500  1118 Total

Page ROM  %  RAM   Vol Diff  Functions:
---- --- --- ---   --- ----  ----------
0     38   2    1             @delay_ms1
0     26   1    1             @delay_us1
0     32   1    0             @const663
0     38   2    2   239  4.3  xuat_1byte
0     22   1    4   131  2.8  xuat_1word
0     88   4    0   396  1.4  xoa_tat_6module
0     58   2    0   253  2.3  set_up_port
0     68   3    3   198  3.6  phim_bt0_c2
0     68   3    3   194  3.9  phim_bt1_c2
0     36   2    4   160  1.8  xuat_32led_don_4byte
0     36   2    8   245  3.1  xuat_32led_don_2word
0     36   2    0   152  1.8  xuat_4led_7doan_4so
0    142   6    6   305  5.1  md4l7d_giaima_2so_vitri_vn
0     40   2    3             @DIV88
0      2   0    0             @const1067
0      2   0    0             @const1073
0      2   0    0             @const1078
0     10   0    0             @const1088
0     22   1    0             @const1090
0     30   1    2   158  2.7  xuat_buzzer_relay
0     36   2    3    94  1.7  buzzer_on_off
0     12   1    0             @const1149
0     32   1    0    82  1.6  b411_hienthi_4led7doan
0     38   2    0   152  3.0  b411_dem_sp_t0
0    252  11    1   407  4.2  MAIN
 Inline         0             @cinit1

Program metrics:
    Functions               15
    Statements              1118
    Comments                1334
    Volume (V)              5649
    Difficulty (D)          43.0
    Effort to implement (E) 242886
    Time to implement (T)   3 hours, 45 minutes
    Est Delivered Bugs (B)  1
    Cyclomatic Complexity   11
    Maintainability (MI)    115

 Segment     Used  Free
-----------  ----  ----
00000-00002     4  0  
00004-07FFE  1166  31598  



