
ROM used:   880/32768 (3%)
            880/32768 (3%) including unused fragments

            0.1 Average locations per line
            0.7 Average locations per statement

RAM used:   1080/2048 (53%) at main() level
            1100/2048 (54%) worst case

Stack used: 7 worst case (7 in main + 0 for interrupts)
Stack size: 31

Lines Stmts  %   Files
----- ----- ---  -----
   29    15   1  bai_621_glcd_hien_thi_chuoi.c
   24     0   0  C:\Program Files (x86)\PICC\Drivers\tv_kit_vdk_pic_all.c
  212    46   4  C:\Program Files (x86)\PICC\Drivers\tv_00_define_18f4550.c
  837     0   0  C:\Program Files (x86)\PICC\Devices\18f4550.h
  209    88   7  C:\Program Files (x86)\PICC\Drivers\tv_01_4_nutnhan.c
   98    63   5  C:\Program Files (x86)\PICC\Drivers\tv_02_matran_phim4x4_138.c
 2229   257  21  C:\Program Files (x86)\PICC\Drivers\math.h
   41    15   1  C:\Program Files (x86)\PICC\Drivers\tv_03_32led_don.c
  105    47   4  C:\Program Files (x86)\PICC\Drivers\tv_04_4led_7doan.c
  112    48   4  C:\Program Files (x86)\PICC\Drivers\tv_05_8led_7doan_quet.c
  137    45   4  C:\Program Files (x86)\PICC\Drivers\tv_05_i2c_ds13_pcf.c
   42    12   1  C:\Program Files (x86)\PICC\Drivers\tv_06_lcd_glcd.c
  435   206  17  C:\Program Files (x86)\PICC\Drivers\tv_06_lcd.c
   76    35   3  C:\Program Files (x86)\PICC\Drivers\tv_dht11.c
  123    37   3  C:\Program Files (x86)\PICC\Drivers\tv_08_relay_triac_buzzer_dc.c
  419    72   6  C:\Program Files (x86)\PICC\Drivers\tv_07_adc_cb.c
   90    39   3  C:\Program Files (x86)\PICC\Drivers\tv_07_ds18b20.c
  230    54   4  C:\Program Files (x86)\PICC\Drivers\touch.c
   66    27   2  C:\Program Files (x86)\PICC\Drivers\tv_07_i2c_at24cxx.c
   60    20   2  C:\Program Files (x86)\PICC\Drivers\tv_09_matran_led_mbi.c
  396   100   8  C:\Program Files (x86)\PICC\Drivers\tv_06_glcd.c
----- -----
 5970  1226 Total

Page ROM  %  RAM   Vol Diff  Functions:
---- --- --- ---   --- ----  ----------
0     42   2    1             @delay_ms1
0     42   2    2   239  4.3  xuat_1byte
0     22   1    4   131  2.8  xuat_1word
0    112   6    0   396  1.4  xoa_tat_6module
0     58   3    0   253  2.3  set_up_port
0     36   2    0   152  1.8  xuat_glcd_lcd
0     20   1    2   104  3.0  xuat_glcd
0      2   0    0             @const1100
0      2   0    0             @const1106
0      2   0    0             @const1111
0     10   1    0             @const1121
0     22   1    0             @const1123
0     12   1    0             @const1182
0     38   2    1   123  2.2  glcd_xuat_db
0     10   1    1    43  1.5  glcd_command
0     12   1    1    43  1.5  glcd_data
0     90   5    1   285  1.9  setup_glcd
0     84   5    0   152  1.3  h621_glcd_hien_thi_chuoi
0     16   1    0             @const1294
0     32   2    2             @PSTRINGC_1234
0     16   1    0             @const1296
0     12   1    0             @const1297
0     14   1    0             @const1298
0    170  10    0    72  1.5  MAIN
 Inline         0             @cinit1

Program metrics:
    Functions               12
    Statements              1226
    Comments                1555
    Volume (V)              3458
    Difficulty (D)          24.6
    Effort to implement (E) 85182
    Time to implement (T)   1 hours, 19 minutes
    Est Delivered Bugs (B)  1
    Cyclomatic Complexity   1
    Maintainability (MI)    20

 Segment     Used  Free
-----------  ----  ----
00000-00002     4  0  
00004-07FFE   876  31888  



