
ROM used:   716/32768 (2%)
            716/32768 (2%) including unused fragments

            0.1 Average locations per line
            0.7 Average locations per statement

RAM used:   50/2048 (2%) at main() level
            70/2048 (3%) worst case

Stack used: 4 worst case (4 in main + 0 for interrupts)
Stack size: 31

Lines Stmts  %   Files
----- ----- ---  -----
   69    42   4  bai_325_16led_up_dn_clr_2.c
   24     0   0  tv_kit_vdk_pic_all.c
  212    46   4  tv_00_define_18f4550.c
  837     0   0  C:\Program Files (x86)\PICC\Devices\18f4550.h
  209    88   8  tv_01_4_nutnhan.c
   98    63   6  tv_02_matran_phim4x4_138.c
 2229   257  23  C:\Program Files (x86)\PICC\Drivers\math.h
   41    15   1  tv_03_32led_don.c
  105    47   4  tv_04_4led_7doan.c
  112    48   4  tv_05_8led_7doan_quet.c
  137    45   4  tv_05_i2c_ds13_pcf.c
   42    12   1  tv_06_lcd_glcd.c
  419   198  18  tv_06_lcd.c
   76    35   3  tv_dht11.c
  123    37   3  tv_08_relay_triac_buzzer_dc.c
  356    24   2  tv_07_adc_cb.c
   90    39   4  tv_07_ds18b20.c
  230    54   5  C:\Program Files (x86)\PICC\Drivers\touch.c
   66    27   2  tv_07_i2c_at24cxx.c
   60    20   2  tv_09_matran_led_mbi.c
----- -----
 5535  1097 Total

Page ROM  %  RAM   Vol Diff  Functions:
---- --- --- ---   --- ----  ----------
0     38   3    1             @delay_ms1
0     38   3    2   239  4.3  xuat_1byte
0     22   2    4   131  2.8  xuat_1word
0     88   6    0   396  1.4  xoa_tat_6module
0     58   4    0   253  2.3  set_up_port
0     36   3    4   160  1.8  xuat_32led_don_4byte
0     36   3    8   245  3.1  xuat_32led_don_2word
0      2   0    0             @const1100
0     10   1    0             @const1111
0     22   2    0             @const1113
0     12   1    0             @const1158
0     86   6    2   300  5.9  phim_up
0     60   4    1   272  5.4  phim_dw
0     48   3    0   202  4.0  phim_clr
0    156  11    0    84  1.9  MAIN
 Inline         0             @cinit1

Program metrics:
    Functions               10
    Statements              1097
    Comments                1377
    Volume (V)              3802
    Difficulty (D)          32.7
    Effort to implement (E) 124256
    Time to implement (T)   1 hours, 55 minutes
    Est Delivered Bugs (B)  1
    Cyclomatic Complexity   9
    Maintainability (MI)    33

 Segment     Used  Free
-----------  ----  ----
00000-00002     4  0  
00004-07FFE   712  32052  



