
ROM used:   1274/32768 (4%)
            1274/32768 (4%) including unused fragments

            0.2 Average locations per line
            1.1 Average locations per statement

RAM used:   58/2048 (3%) at main() level
            80/2048 (4%) worst case

Stack used: 5 worst case (5 in main + 0 for interrupts)
Stack size: 31

Lines Stmts  %   Files
----- ----- ---  -----
   43    29   3  bai_329_32led_5yeu_cau_2btn_c2.c
   24     0   0  tv_kit_vdk_pic_all.c
  212    46   4  tv_00_define_18f4550.c
  837     0   0  C:\Program Files (x86)\PICC\Devices\18f4550.h
  209    88   8  tv_01_4_nutnhan.c
   98    63   6  tv_02_matran_phim4x4_138.c
 2229   257  23  C:\Program Files (x86)\PICC\Drivers\math.h
   41    15   1  tv_03_32led_don.c
  105    47   4  tv_04_4led_7doan.c
  112    48   4  tv_05_8led_7doan_quet.c
  137    45   4  tv_05_i2c_ds13_pcf.c
   42    12   1  tv_06_lcd_glcd.c
  419   198  17  tv_06_lcd.c
   76    35   3  tv_dht11.c
  123    37   3  tv_08_relay_triac_buzzer_dc.c
  356    24   2  tv_07_adc_cb.c
   90    39   3  tv_07_ds18b20.c
  230    54   5  C:\Program Files (x86)\PICC\Drivers\touch.c
   66    27   2  tv_07_i2c_at24cxx.c
   60    20   2  tv_09_matran_led_mbi.c
   92    52   5  bai_327_tv.c
----- -----
 5601  1136 Total

Page ROM  %  RAM   Vol Diff  Functions:
---- --- --- ---   --- ----  ----------
0     40   2    1             @delay_ms1
0     26   1    1             @delay_us1
0     38   1    2   239  4.3  xuat_1byte
0     22   1    4   131  2.8  xuat_1word
0     88   3    0   396  1.4  xoa_tat_6module
0     58   2    0   253  2.3  set_up_port
0     68   3    3   198  3.6  phim_bt0_c2
0     68   3    3   194  3.9  phim_bt1_c2
0     36   1    4   160  1.8  xuat_32led_don_4byte
0     36   1    8   245  3.1  xuat_32led_don_2word
0     36   1    9   120  2.8  xuat_32led_don_1dw
0      2   0    0             @const1100
0     10   0    0             @const1111
0     22   1    0             @const1113
0     12   0    0             @const1158
0     20   1    0    69  1.6  h327_reset_bien
0    104   4    5   240  4.5  h327_32led_std_tsp_IF
0    114   4    5   240  4.5  h327_32led_std_pst_IF
0    118   5    2   367  5.1  h327_16led_tp_std_pst_songsong
0    106   4    2   367  5.1  h327_16led_tp_std_tsp_songsong
0     46   2    1   195  3.9  b329_32led_5yeu_cau_2bt_c2
0    200   8    0   323  3.2  MAIN
 Inline         0             @cinit1

Program metrics:
    Functions               16
    Statements              1136
    Comments                1379
    Volume (V)              6711
    Difficulty (D)          54.0
    Effort to implement (E) 362658
    Time to implement (T)   5 hours, 36 minutes
    Est Delivered Bugs (B)  2
    Cyclomatic Complexity   22
    Maintainability (MI)    119

 Segment     Used  Free
-----------  ----  ----
00000-00002     4  0  
00004-07FFE  1270  31494  



