
ROM used:   1860/32768 (6%)
            1860/32768 (6%) including unused fragments

            0.3 Average locations per line
            1.5 Average locations per statement

RAM used:   185/2048 (9%) at main() level
            207/2048 (10%) worst case

Stack used: 9 worst case (8 in main + 1 for interrupts)
Stack size: 31

Lines Stmts  %   Files
----- ----- ---  -----
  105    53   4  bai_603_lcd_hang0_dich_trai_phai_3btn.c
   24     0   0  tv_kit_vdk_pic_all.c
  212    46   4  tv_00_define_18f4550.c
  837     0   0  C:\Program Files (x86)\PICC\Devices\18f4550.h
  209    88   7  tv_01_4_nutnhan.c
   98    63   5  tv_02_matran_phim4x4_138.c
 2229   257  21  C:\Program Files (x86)\PICC\Drivers\math.h
   41    15   1  tv_03_32led_don.c
  105    47   4  tv_04_4led_7doan.c
  112    48   4  tv_05_8led_7doan_quet.c
  137    45   4  tv_05_i2c_ds13_pcf.c
   42    12   1  tv_06_lcd_glcd.c
  435   206  17  tv_06_lcd.c
   76    35   3  tv_dht11.c
  123    37   3  tv_08_relay_triac_buzzer_dc.c
  419    72   6  tv_07_adc_cb.c
   90    39   3  tv_07_ds18b20.c
  230    54   4  C:\Program Files (x86)\PICC\Drivers\touch.c
   66    27   2  tv_07_i2c_at24cxx.c
   64    29   2  tv_08_step_motor.c
   82    33   3  tv_08_dc_motor.c
   60    20   2  tv_09_matran_led_mbi.c
----- -----
 5796  1226 Total

Page ROM  %  RAM   Vol Diff  Functions:
---- --- --- ---   --- ----  ----------
0     38   1    1             @delay_ms1
0     26   1    1             @delay_us1
0     38   1    2   239  4.3  xuat_1byte
0     22   1    4   131  2.8  xuat_1word
0     88   2    0   396  1.4  xoa_tat_6module
0     58   2    0   253  2.3  set_up_port
0     68   2    3   198  3.6  phim_bt0_c2
0     68   2    3   194  3.9  phim_bt1_c2
0     68   2    3   192  4.2  phim_bt2_c2
0     36   1    4   160  1.8  xuat_32led_don_4byte
0     38   1    8   245  3.1  xuat_32led_don_2word
0     36   1    9   120  2.8  xuat_32led_don_1dw
0     36   1    0   152  1.8  xuat_glcd_lcd
0     16   0    2   104  3.0  xuat_lcd
0     38   1    1   123  2.2  lcd_xuat
0     10   0    1    43  1.5  lcd_command
0     12   0    1    43  1.5  lcd_data
0     72   2    0   297  2.3  lcd_setup
0     30   1    0             @const986
0     26   1    3   145  3.9  lcd_goto_xy
0    138   4    5   503  6.2  lcd_puts
0      2   0    0             @const1100
0      2   0    0             @const1106
0      2   0    0             @const1111
0     10   0    0             @const1121
0     22   1    0             @const1123
0     12   0    0             @const1182
0     16   0    0    29  1.2  timer3_interrupt
0     80   2    3   171  4.0  hang3_dich_trai
0     82   2    3   171  4.0  hang3_dich_phai
0     48   1    0   167  3.1  kiem_tra_dich_h3
0     30   1    0    59  1.9  phim_dich_trai
0     30   1    0    59  1.9  phim_dich_phai
0     28   1    0    59  1.9  phim_ngung
0    388  10    0   564  4.8  MAIN
 Inline         0             @cinit1

Program metrics:
    Functions               26
    Statements              1226
    Comments                1403
    Volume (V)              9271
    Difficulty (D)          76.0
    Effort to implement (E) 704972
    Time to implement (T)   10 hours, 53 minutes
    Est Delivered Bugs (B)  3
    Cyclomatic Complexity   19
    Maintainability (MI)    32

 Segment     Used  Free
-----------  ----  ----
00000-00002     4  0  
00004-00006     0  4  
00008-00094   142  0  
00096-07FFE  1714  30904  



