
ROM used:   932/32768 (3%)
            932/32768 (3%) including unused fragments

            0.2 Average locations per line
            0.8 Average locations per statement

RAM used:   81/2048 (4%) at main() level
            101/2048 (5%) worst case

Stack used: 4 worst case (4 in main + 0 for interrupts)
Stack size: 31

Lines Stmts  %   Files
----- ----- ---  -----
   14     6   0  bai_811_dc_motor_on_off_inv.c
   24     0   0  tv_kit_vdk_pic_all.c
  212    46   4  tv_00_define_18f4550.c
  837     0   0  C:\Program Files (x86)\PICC\Devices\18f4550.h
  209    88   7  tv_01_4_nutnhan.c
   94    64   5  tv_02_matran_phim4x4_138.c
 2229   257  21  C:\Program Files (x86)\PICC\Drivers\math.h
   41    15   1  tv_03_32led_don.c
  105    47   4  tv_04_4led_7doan.c
  112    48   4  tv_05_8led_7doan_quet.c
  137    45   4  tv_05_i2c_ds13_pcf.c
   42    12   1  tv_06_lcd_glcd.c
  435   206  17  tv_06_lcd.c
   76    35   3  tv_dht11.c
  123    37   3  tv_08_relay_triac_buzzer_dc.c
  419    72   6  tv_07_adc_cb.c
  106    48   4  tv_07_ds18b20.c
  230    54   4  C:\Program Files (x86)\PICC\Drivers\touch.c
   66    27   2  tv_07_i2c_at24cxx.c
   64    29   2  tv_08_step_motor.c
   82    33   3  tv_08_dc_motor.c
   60    20   2  tv_09_matran_led_mbi.c
   34    23   2  bai_811_dc_motor_tv.c
----- -----
 5751  1212 Total

Page ROM  %  RAM   Vol Diff  Functions:
---- --- --- ---   --- ----  ----------
0     38   2    1             @delay_ms1
0     28   2    1             @delay_us1
0     38   2    2   239  4.3  xuat_1byte
0     22   1    4   131  2.8  xuat_1word
0     88   5    0   396  1.4  xoa_tat_6module
0     58   3    0   253  2.3  set_up_port
0     68   4    3   192  4.2  phim_bt2_c2
0     36   2    4   160  1.8  xuat_32led_don_4byte
0     36   2    8   245  3.1  xuat_32led_don_2word
0      2   0    0             @const1097
0      2   0    0             @const1103
0      2   0    0             @const1108
0     10   1    0             @const1118
0     22   1    0             @const1120
0     30   2    2   158  2.7  xuat_buzzer_relay
0     36   2    3    94  1.7  buzzer_on_off
0     12   1    0             @const1184
0      8   0    0    29  1.2  dc_motor_enable
0     12   1    0    32  1.0  dc_motor_quay_thuan
0     12   1    0    32  1.0  dc_motor_quay_nghich
0     10   1    0    32  1.0  dc_motor_stop
0     20   1    0    69  2.1  dc_motor_run
0    136   7    1   576  4.8  phim_on_off_inv_dkdc
0    202  11    0    62  1.4  MAIN
 Inline         0    62  1.4  @cinit1

Program metrics:
    Functions               17
    Statements              1212
    Comments                1402
    Volume (V)              4966
    Difficulty (D)          38.9
    Effort to implement (E) 193094
    Time to implement (T)   2 hours, 59 minutes
    Est Delivered Bugs (B)  1
    Cyclomatic Complexity   9
    Maintainability (MI)    122

 Segment     Used  Free
-----------  ----  ----
00000-00002     4  0  
00004-07FFE   928  31836  



