
ROM used:   1112/32768 (3%)
            1112/32768 (3%) including unused fragments

            0.2 Average locations per line
            0.9 Average locations per statement

RAM used:   82/2048 (4%) at main() level
            102/2048 (5%) worst case

Stack used: 5 worst case (5 in main + 0 for interrupts)
Stack size: 31

Lines Stmts  %   Files
----- ----- ---  -----
   21    11   1  bai_801_step_motor_on_off_inv.c
   24     0   0  C:\Program Files (x86)\PICC\Drivers\tv_kit_vdk_pic_all.c
  212    46   4  C:\Program Files (x86)\PICC\Drivers\tv_00_define_18f4550.c
  837     0   0  C:\Program Files (x86)\PICC\Devices\18f4550.h
  209    88   8  C:\Program Files (x86)\PICC\Drivers\tv_01_4_nutnhan.c
   98    63   5  C:\Program Files (x86)\PICC\Drivers\tv_02_matran_phim4x4_138.c
 2229   257  22  C:\Program Files (x86)\PICC\Drivers\math.h
   41    15   1  C:\Program Files (x86)\PICC\Drivers\tv_03_32led_don.c
  105    47   4  C:\Program Files (x86)\PICC\Drivers\tv_04_4led_7doan.c
  112    48   4  C:\Program Files (x86)\PICC\Drivers\tv_05_8led_7doan_quet.c
  137    45   4  C:\Program Files (x86)\PICC\Drivers\tv_05_i2c_ds13_pcf.c
   42    12   1  C:\Program Files (x86)\PICC\Drivers\tv_06_lcd_glcd.c
  435   206  18  C:\Program Files (x86)\PICC\Drivers\tv_06_lcd.c
   76    35   3  C:\Program Files (x86)\PICC\Drivers\tv_dht11.c
  123    37   3  C:\Program Files (x86)\PICC\Drivers\tv_08_relay_triac_buzzer_dc.c
  419    72   6  C:\Program Files (x86)\PICC\Drivers\tv_07_adc_cb.c
   90    39   3  C:\Program Files (x86)\PICC\Drivers\tv_07_ds18b20.c
  230    54   5  C:\Program Files (x86)\PICC\Drivers\touch.c
   66    27   2  C:\Program Files (x86)\PICC\Drivers\tv_07_i2c_at24cxx.c
   60    20   2  C:\Program Files (x86)\PICC\Drivers\tv_09_matran_led_mbi.c
   64    29   2  C:\Program Files (x86)\PICC\Drivers\tv_08_step_motor.c
   28    20   2  bai_801_step_motor_tv.c
----- -----
 5658  1171 Total

Page ROM  %  RAM   Vol Diff  Functions:
---- --- --- ---   --- ----  ----------
0     38   2    1             @delay_ms1
0     28   1    1             @delay_us1
0     38   2    2   239  4.3  xuat_1byte
0     22   1    4   131  2.8  xuat_1word
0     88   4    0   396  1.4  xoa_tat_6module
0     58   3    0   253  2.3  set_up_port
0     68   3    3   192  4.2  phim_bt2_c2
0     36   2    4   160  1.8  xuat_32led_don_4byte
0     36   2    8   245  3.1  xuat_32led_don_2word
0      2   0    0             @const1100
0      2   0    0             @const1106
0      2   0    0             @const1111
0     10   0    0             @const1121
0     22   1    0             @const1123
0     30   1    2   158  2.7  xuat_buzzer_relay
0     36   2    3    94  1.7  buzzer_on_off
0     12   1    0             @const1182
0     46   2    0   125  3.4  step_motor_quay_thuan_fs
0     46   2    0   125  3.4  step_motor_quay_nghich_fs
0     14   1    0    38  1.9  step_motor_run_tn_fs
0     46   2    0   125  3.4  step_motor_quay_thuan_hs
0     46   2    0   125  3.4  step_motor_quay_nghich_hs
0     14   1    0    38  1.9  step_motor_run_tn_hs
0     14   1    0    38  1.9  step_motor_run_fs_hs
0    134   6    0   514  4.7  step_motor_on_off_inv
0    220  10    0   154  2.6  MAIN
 Inline         0             @cinit1

Program metrics:
    Functions               18
    Statements              1171
    Comments                1396
    Volume (V)              5786
    Difficulty (D)          51.4
    Effort to implement (E) 297200
    Time to implement (T)   4 hours, 35 minutes
    Est Delivered Bugs (B)  1
    Cyclomatic Complexity   11
    Maintainability (MI)    117

 Segment     Used  Free
-----------  ----  ----
00000-00002     4  0  
00004-07FFE  1108  31656  



