
ROM used:   9116/32768 (28%)
            9116/32768 (28%) including unused fragments

            1.6 Average locations per line
            7.6 Average locations per statement

RAM used:   66/2048 (3%) at main() level
            139/2048 (7%) worst case

Stack used: 9 worst case (9 in main + 0 for interrupts)
Stack size: 31

Lines Stmts  %   Files
----- ----- ---  -----
   48    29   2  bai_708_lm35a_b_gp2d12.c
   24     0   0  tv_kit_vdk_pic_all.c
  212    46   4  tv_00_define_18f4550.c
  837     0   0  C:\Program Files (x86)\PICC\Devices\18f4550.h
  209    88   7  tv_01_4_nutnhan.c
   98    63   5  tv_02_matran_phim4x4_138.c
 2229   257  22  C:\Program Files (x86)\PICC\Drivers\math.h
   41    15   1  tv_03_32led_don.c
  105    47   4  tv_04_4led_7doan.c
  112    48   4  tv_05_8led_7doan_quet.c
  137    45   4  tv_05_i2c_ds13_pcf.c
   42    12   1  tv_06_lcd_glcd.c
  419   198  17  tv_06_lcd.c
   76    35   3  tv_dht11.c
  123    37   3  tv_08_relay_triac_buzzer_dc.c
  419    72   6  tv_07_adc_cb.c
   90    39   3  tv_07_ds18b20.c
  230    54   5  C:\Program Files (x86)\PICC\Drivers\touch.c
   66    27   2  tv_07_i2c_at24cxx.c
   60    20   2  tv_09_matran_led_mbi.c
   34    16   1  bai_708_lm35a_tv.c
   34    16   1  bai_708_lm35b_tv.c
   27    13   1  bai_701_bt3_lcd_tv.c
   31    18   2  bai_708_gp2d12_tv.c
----- -----
 5703  1195 Total

Page ROM  %  RAM   Vol Diff  Functions:
---- --- --- ---   --- ----  ----------
0     38   0    1             @delay_ms1
0     28   0    1             @delay_us1
0     32   0    0             @const667
0     38   0    2   239  4.3  xuat_1byte
0     22   0    4   131  2.8  xuat_1word
0     88   0    0   396  1.4  xoa_tat_6module
0     58   0    0   253  2.3  set_up_port
0     68   0    3   190  4.4  phim_bt3_c2
0    826   5   20  1121 10.1  CEIL_FLOOR
0    118   1   10             @FLT
0     56   0    4             @SFTOI
0     54   0    2             @ITOF
0    242   1   11             @MULFF
0    618   3   16             @ADDFF
0     24   0    4    43  2.1  floor
0     26   0    4    44  1.9  ceil
0    346   2   16   259  6.9  fmod
0    346   2   14             @DIVFF
0    978   5   22  1071  8.0  exp
0     72   0    2             @SITOF
0    858   5   25   979 10.0  log
0    732   4   12   556  7.5  pow
0     44   0    4   160  1.8  xuat_32led_don_4byte
0     38   0    8   245  3.1  xuat_32led_don_2word
0     36   0    9   120  2.8  xuat_32led_don_1dw
0     42   0    0   152  1.8  xuat_4led_7doan_4so
0    146   1    6   305  5.1  md4l7d_giaima_2so_vitri_vn
0     40   0    3             @DIV88
0     66   0    5             @DIV1616
0     36   0    0   152  1.8  xuat_glcd_lcd
0     16   0    2   104  3.0  xuat_lcd
0     38   0    1   123  2.2  lcd_xuat
0     10   0    1    43  1.5  lcd_command
0     10   0    1    43  1.5  lcd_data
0     72   0    0   297  2.3  lcd_setup
0     20   0    0             @const986
0     26   0    3   145  3.9  lcd_goto_xy
0     76   0    0             @const992
0     80   0    0             @const996
0     44   0    2   127  3.5  lcd_khoi_tao_cgram_so_to
0    100   1    6   280  5.8  lcd_hien_thi_so_to
0     76   0    2             @MUL88
0     58   0    4   241  5.3  lcd_xoa_so_to
0    128   1    9   419  5.9  lcd_gm_ht_2so_to_xvn
0     80   0    4   197  2.8  lcd_hien_thi_2so_tp_nho
0      2   0    0             @const1100
0     32   0    2             @PSTRINGC_977
0     10   0    0             @const1111
0     22   0    0             @const1113
0     34   0    2   158  2.7  xuat_buzzer_relay
0      6   0    0    29  1.2  buzzer_on
0      6   0    0    29  1.2  buzzer_off
0      6   0    0    29  1.2  triac_2_on
0      6   0    0    32  0.8  triac_2_off
0    198   1    6   271  5.3  h701_adc_read
0    218   1    4   130  2.7  float_to_ng_2so_tp
0     80   0    3   381  4.7  so_sanh_1nd
0    110   1    5   505  5.5  so_sanh_and_2nd
0    110   1    5   525  6.0  so_sanh_or_2nd
0     70   0    5   233  2.7  so_sanh_nd_dk_buzzer
0     12   0    0   458  2.8  @const1170
0    112   1    5   162  2.6  h701_adc_lm35a_doc_xuly
0     70   0    5   242  3.7  h701_adc_lm35a_ht_lcd
0     22   0    2    96  2.1  h701_adc_lm35a_ht_7doan
0    116   1    5   162  2.6  h702_adc_lm35b_doc_xuly
0     70   0    5   242  3.7  h702_adc_lm35b_ht_lcd
0     22   0    2    96  2.1  h702_adc_lm35b_ht_7doan
0     26   0    0    43  1.3  lcd_ena_buz_on
0      4   0    0   230  3.7  @const1240
0     20   0    0    43  1.3  lcd_ena_buz_off
0      4   0    0   924  2.9  @const1242
0     40   0    0   132  2.9  phim_bt3_tat_mo_buzz
0    214   1    9   241  3.6  h706_adc_gp2d12_doc_xuly
0     74   0    5   242  3.7  h706_adc_gp2d12_ht_lcd
0    424   2    0   924  2.9  MAIN
0      4   0    0   679  2.8  @const1261
0      2   0    0             @const1262
0      4   0    0             @const1263
0      2   0    0             @const1264
0      4   0    0             @const1265
0      6   0    0             @const1266
 Inline         0             @cinit1

Program metrics:
    Functions               56
    Statements              1195
    Comments                1389
    Volume (V)              31518
    Difficulty (D)          195.0
    Effort to implement (E) 6146967
    Time to implement (T)   94 hours, 52 minutes
    Est Delivered Bugs (B)  11
    Cyclomatic Complexity   64
    Maintainability (MI)    138

 Segment     Used  Free
-----------  ----  ----
00000-00002     4  0  
00004-07FFE  9112  23652  



