
ROM used:   1850/32768 (6%)
            1850/32768 (6%) including unused fragments

            0.3 Average locations per line
            1.5 Average locations per statement

RAM used:   83/2048 (4%) at main() level
            102/2048 (5%) worst case

Stack used: 7 worst case (7 in main + 0 for interrupts)
Stack size: 31

Lines Stmts  %   Files
----- ----- ---  -----
   88    57   5  bai_610_lcd_4led_dem_sp_t0_matrix_key.c
   24     0   0  tv_kit_vdk_pic_all.c
  212    46   4  tv_00_define_18f4550.c
  837     0   0  C:\Program Files (x86)\PICC\Devices\18f4550.h
  209    88   7  tv_01_4_nutnhan.c
   94    64   5  tv_02_matran_phim4x4_138.c
 2229   257  21  C:\Program Files (x86)\PICC\Drivers\math.h
   41    15   1  tv_03_32led_don.c
  105    47   4  tv_04_4led_7doan.c
  112    48   4  tv_05_8led_7doan_quet.c
  137    45   4  tv_05_i2c_ds13_pcf.c
   42    12   1  tv_06_lcd_glcd.c
  435   206  17  tv_06_lcd.c
   76    35   3  tv_dht11.c
  123    37   3  tv_08_relay_triac_buzzer_dc.c
  419    72   6  tv_07_adc_cb.c
   90    39   3  tv_07_ds18b20.c
  230    54   4  C:\Program Files (x86)\PICC\Drivers\touch.c
   66    27   2  tv_07_i2c_at24cxx.c
   64    29   2  tv_08_step_motor.c
   82    33   3  tv_08_dc_motor.c
   60    20   2  tv_09_matran_led_mbi.c
----- -----
 5775  1231 Total

Page ROM  %  RAM   Vol Diff  Functions:
---- --- --- ---   --- ----  ----------
0     38   1    1             @delay_ms1
0     26   1    1             @delay_us1
0     32   1    0             @const667
0     38   1    2   239  4.3  xuat_1byte
0     22   1    4   131  2.8  xuat_1word
0     88   2    0   396  1.4  xoa_tat_6module
0     58   2    0   253  2.3  set_up_port
0     68   2    3   198  3.6  phim_bt0_c2
0     68   2    3   194  3.9  phim_bt1_c2
0     68   2    3   192  4.2  phim_bt2_c2
0     68   2    3   190  4.4  phim_bt3_c2
0     36   1    4   160  1.8  xuat_32led_don_4byte
0     36   1    8   245  3.1  xuat_32led_don_2word
0     36   1    0   152  1.8  xuat_4led_7doan_4so
0    142   4    6   305  5.1  md4l7d_giaima_2so_vitri_vn
0     40   1    3             @DIV88
0     36   1    0   152  1.8  xuat_glcd_lcd
0     16   0    2   104  3.0  xuat_lcd
0     38   1    1   123  2.2  lcd_xuat
0     10   0    1    43  1.5  lcd_command
0     10   0    1    43  1.5  lcd_data
0     72   2    0   297  2.3  lcd_setup
0     20   1    0             @const983
0     26   1    3   145  3.9  lcd_goto_xy
0      2   0    0             @const1097
0     32   1    2             @PSTRINGC_974
0      2   0    0             @const1103
0      2   0    0             @const1108
0     10   0    0             @const1118
0     22   1    0             @const1120
0     30   1    2   158  2.7  xuat_buzzer_relay
0     36   1    3    94  1.7  buzzer_on_off
0     12   0    0             @const1179
0     30   1    0    82  1.6  b610_hienthi_4led7doan
0     38   1    0   152  3.0  b610_dem_sp_t0
0     62   2    1   114  3.0  lcd_hienthi_gt_cai
0     64   2    1   114  3.0  lcd_hienthi_gt_dem
0    368  10    1  1020  6.2  MAIN
0     22   1    0             @const1256
0     22   1    0             @const1257
 Inline         0             @cinit1

Program metrics:
    Functions               26
    Statements              1231
    Comments                1398
    Volume (V)              10076
    Difficulty (D)          75.8
    Effort to implement (E) 763501
    Time to implement (T)   11 hours, 47 minutes
    Est Delivered Bugs (B)  3
    Cyclomatic Complexity   21
    Maintainability (MI)    31

 Segment     Used  Free
-----------  ----  ----
00000-00002     4  0  
00004-07FFE  1846  30918  



