
ROM used:   1072/32768 (3%)
            1072/32768 (3%) including unused fragments

            0.2 Average locations per line
            1.0 Average locations per statement

RAM used:   58/2048 (3%) at main() level
            80/2048 (4%) worst case

Stack used: 5 worst case (5 in main + 0 for interrupts)
Stack size: 31

Lines Stmts  %   Files
----- ----- ---  -----
   21    18   2  bai_338_32led_chay_td_4yc.c
   24     0   0  tv_kit_vdk_pic_all.c
  212    46   4  tv_00_define_18f4550.c
  837     0   0  C:\Program Files (x86)\PICC\Devices\18f4550.h
  209    88   8  tv_01_4_nutnhan.c
   98    63   6  tv_02_matran_phim4x4_138.c
 2229   257  23  C:\Program Files (x86)\PICC\Drivers\math.h
   41    15   1  tv_03_32led_don.c
  105    47   4  tv_04_4led_7doan.c
  112    48   4  tv_05_8led_7doan_quet.c
  137    45   4  tv_05_i2c_ds13_pcf.c
   42    12   1  tv_06_lcd_glcd.c
  419   198  18  tv_06_lcd.c
   76    35   3  tv_dht11.c
  123    37   3  tv_08_relay_triac_buzzer_dc.c
  356    24   2  tv_07_adc_cb.c
   90    39   3  tv_07_ds18b20.c
  230    54   5  C:\Program Files (x86)\PICC\Drivers\touch.c
   66    27   2  tv_07_i2c_at24cxx.c
   60    20   2  tv_09_matran_led_mbi.c
   92    52   5  chuong3_32led_if_no_delay.c
----- -----
 5579  1125 Total

Page ROM  %  RAM   Vol Diff  Functions:
---- --- --- ---   --- ----  ----------
0     40   2    1             @delay_ms1
0     38   2    2   239  4.3  xuat_1byte
0     22   1    4   131  2.8  xuat_1word
0     88   4    0   396  1.4  xoa_tat_6module
0     58   3    0   253  2.3  set_up_port
0     36   2    4   160  1.8  xuat_32led_don_4byte
0     36   2    8   245  3.1  xuat_32led_don_2word
0     36   2    9   120  2.8  xuat_32led_don_1dw
0      2   0    0             @const1100
0     10   0    0             @const1111
0     22   1    0             @const1113
0     12   1    0             @const1158
0     20   1    0    69  1.6  h327_reset_bien
0    104   5    5   240  4.5  h327_32led_std_tsp_IF
0    114   5    5   240  4.5  h327_32led_std_pst_IF
0    118   6    2   367  5.1  h327_16led_tp_std_pst_songsong
0    106   5    2   367  5.1  h327_16led_tp_std_tsp_songsong
0    206  10    0   367  4.2  MAIN
 Inline         0   167  2.6  @cinit1

Program metrics:
    Functions               14
    Statements              1125
    Comments                1379
    Volume (V)              5881
    Difficulty (D)          45.9
    Effort to implement (E) 269759
    Time to implement (T)   4 hours, 10 minutes
    Est Delivered Bugs (B)  1
    Cyclomatic Complexity   15
    Maintainability (MI)    85

 Segment     Used  Free
-----------  ----  ----
00000-00002     4  0  
00004-07FFE  1068  31696  



