
ROM used:   1932/32768 (6%)
            1932/32768 (6%) including unused fragments

            0.3 Average locations per line
            1.6 Average locations per statement

RAM used:   77/2048 (4%) at main() level
            99/2048 (5%) worst case

Stack used: 10 worst case (9 in main + 1 for interrupts)
Stack size: 31

Lines Stmts  %   Files
----- ----- ---  -----
  150    87   7  bai_607_lcd_mtp4x4_buzzer_on_off.c
   24     0   0  tv_kit_vdk_pic_all.c
  212    46   4  tv_00_define_18f4550.c
  837     0   0  C:\Program Files (x86)\PICC\Devices\18f4550.h
  209    88   7  tv_01_4_nutnhan.c
   98    63   5  tv_02_matran_phim4x4_138.c
 2229   257  21  C:\Program Files (x86)\PICC\Drivers\math.h
   41    15   1  tv_03_32led_don.c
  105    47   4  tv_04_4led_7doan.c
  112    48   4  tv_05_8led_7doan_quet.c
  137    45   4  tv_05_i2c_ds13_pcf.c
   42    12   1  tv_06_lcd_glcd.c
  435   206  17  tv_06_lcd.c
   76    35   3  tv_dht11.c
  123    37   3  tv_08_relay_triac_buzzer_dc.c
  419    72   6  tv_07_adc_cb.c
   90    39   3  tv_07_ds18b20.c
  230    54   5  C:\Program Files (x86)\PICC\Drivers\touch.c
   66    27   2  tv_07_i2c_at24cxx.c
   60    20   2  tv_09_matran_led_mbi.c
----- -----
 5695  1198 Total

Page ROM  %  RAM   Vol Diff  Functions:
---- --- --- ---   --- ----  ----------
0     38   1    1             @delay_ms1
0     38   1    2   239  4.3  xuat_1byte
0     22   1    4   131  2.8  xuat_1word
0     88   2    0   396  1.4  xoa_tat_6module
0     58   2    0   253  2.3  set_up_port
0     30   1    0             @const704
0    112   3    4   627  8.1  key_nhan
0     50   1    2   245  5.0  key_4x4_dw
0     36   1    4   160  1.8  xuat_32led_don_4byte
0     38   1    8   245  3.1  xuat_32led_don_2word
0     36   1    9   120  2.8  xuat_32led_don_1dw
0     40   1    3             @DIV88
0     36   1    0   152  1.8  xuat_glcd_lcd
0     16   0    2   104  3.0  xuat_lcd
0     38   1    1   123  2.2  lcd_xuat
0     10   0    1    43  1.5  lcd_command
0     10   0    1    43  1.5  lcd_data
0     72   2    0   297  2.3  lcd_setup
0     30   1    0             @const986
0     26   1    3   145  3.9  lcd_goto_xy
0      2   0    0             @const1100
0     32   1    2             @PSTRINGC_977
0      2   0    0             @const1106
0      2   0    0             @const1111
0     10   0    0             @const1121
0     22   1    0             @const1123
0     30   1    2   158  2.7  xuat_buzzer_relay
0     36   1    3    94  1.7  buzzer_on_off
0     12   0    0             @const1182
0     22   1    0    43  1.3  lcd_hienthi_off
0      4   0    0    43  1.5  @const1233
0     24   1    0    43  1.3  lcd_hienthi_on
0      4   0    0   285  1.9  @const1235
0     24   1    0    43  1.3  lcd_hienthi_ena
0      4   0    0    46  0.8  @const1237
0     22   1    0    43  1.3  lcd_hienthi_dis
0      4   0    0    43  1.3  @const1239
0     16   0    0    29  1.2  interrupt_timer3
0     72   2    1   162  4.0  lcd_hienthi_tg_cai
0     62   2    1   114  3.0  lcd_hienthi_tg_dem
0     22   1    0    96  1.7  tat_het
0     40   1    1    96  2.9  buzz_bip
0    102   3    1   610  5.2  xu_ly_cac_phim
0    306   8    0   866  6.2  MAIN
0     20   1    0    29  1.2  @const1249
0     22   1    0    32  1.0  @const1250
0     22   1    0    32  1.0  @const1251
0     22   1    0    32  1.0  @const1252
 Inline         0    69  2.1  @cinit1

Program metrics:
    Functions               38
    Statements              1198
    Comments                1395
    Volume (V)              12579
    Difficulty (D)          94.6
    Effort to implement (E) 1189828
    Time to implement (T)   18 hours, 22 minutes
    Est Delivered Bugs (B)  4
    Cyclomatic Complexity   20
    Maintainability (MI)    87

 Segment     Used  Free
-----------  ----  ----
00000-00002     4  0  
00004-00006     0  4  
00008-00094   142  0  
00096-07FFE  1786  30832  



