
ROM used:   1378/32768 (4%)
            1378/32768 (4%) including unused fragments

            0.2 Average locations per line
            1.1 Average locations per statement

RAM used:   89/2048 (4%) at main() level
            108/2048 (5%) worst case

Stack used: 4 worst case (4 in main + 0 for interrupts)
Stack size: 31

Lines Stmts  %   Files
----- ----- ---  -----
   41    26   2  bai_409_cai_gh_0_999_mtp4x4.c
   24     0   0  tv_kit_vdk_pic_all.c
  212    46   4  tv_00_define_18f4550.c
  837     0   0  C:\Program Files (x86)\PICC\Devices\18f4550.h
  209    88   7  tv_01_4_nutnhan.c
   98    63   5  tv_02_matran_phim4x4_138.c
 2229   257  21  C:\Program Files (x86)\PICC\Drivers\math.h
   41    15   1  tv_03_32led_don.c
  105    47   4  tv_04_4led_7doan.c
  112    48   4  tv_05_8led_7doan_quet.c
  137    45   4  tv_05_i2c_ds13_pcf.c
   42    12   1  tv_06_lcd_glcd.c
  435   206  17  tv_06_lcd.c
   76    35   3  tv_dht11.c
  123    37   3  tv_08_relay_triac_buzzer_dc.c
  419    72   6  tv_07_adc_cb.c
   90    39   3  tv_07_ds18b20.c
  230    54   5  C:\Program Files (x86)\PICC\Drivers\touch.c
   66    27   2  tv_07_i2c_at24cxx.c
   64    29   2  tv_08_step_motor.c
   82    33   3  tv_08_dc_motor.c
   60    20   2  tv_09_matran_led_mbi.c
----- -----
 5732  1199 Total

Page ROM  %  RAM   Vol Diff  Functions:
---- --- --- ---   --- ----  ----------
0     38   1    1             @delay_ms1
0     32   1    0             @const667
0     38   1    2   239  4.3  xuat_1byte
0     22   1    4   131  2.8  xuat_1word
0     88   3    0   396  1.4  xoa_tat_6module
0     58   2    0   253  2.3  set_up_port
0     20   1    0             @const704
0    112   4    4   627  8.1  key_nhan
0     50   2    2   245  5.0  key_4x4_dw
0     36   1    0   152  1.8  xuat_4led_7doan_4so
0    314  11    9   531  5.4  md4l7d_giaima_3so_vitri_vn
0     66   2    5             @DIV1616
0      2   0    0             @const1100
0      2   0    0             @const1106
0      2   0    0             @const1111
0     10   0    0             @const1121
0     22   1    0             @const1123
0     12   0    0             @const1182
0     82   3    2   108  3.0  b408_hienthi_4led7doan
0     80   3    6             @MULS1616
0    288  10    1   517  4.3  MAIN
 Inline         0             @cinit1

Program metrics:
    Functions               10
    Statements              1199
    Comments                1399
    Volume (V)              5131
    Difficulty (D)          37.0
    Effort to implement (E) 189832
    Time to implement (T)   2 hours, 56 minutes
    Est Delivered Bugs (B)  1
    Cyclomatic Complexity   16
    Maintainability (MI)    36

 Segment     Used  Free
-----------  ----  ----
00000-00002     4  0  
00004-07FFE  1374  31390  



