
ROM used:   2152/32768 (7%)
            2152/32768 (7%) including unused fragments

            0.4 Average locations per line
            1.8 Average locations per statement

RAM used:   61/2048 (3%) at main() level
            81/2048 (4%) worst case

Stack used: 4 worst case (4 in main + 0 for interrupts)
Stack size: 31

Lines Stmts  %   Files
----- ----- ---  -----
   29    17   1  bai_816_dc_motor_pwm_ccp2_up_dw_stop.c
   24     0   0  tv_kit_vdk_pic_all.c
  212    46   4  tv_00_define_18f4550.c
  837     0   0  C:\Program Files (x86)\PICC\Devices\18f4550.h
  209    88   7  tv_01_4_nutnhan.c
   98    63   5  tv_02_matran_phim4x4_138.c
 2229   257  22  C:\Program Files (x86)\PICC\Drivers\math.h
   41    15   1  tv_03_32led_don.c
  105    47   4  tv_04_4led_7doan.c
  112    48   4  tv_05_8led_7doan_quet.c
  137    45   4  tv_05_i2c_ds13_pcf.c
   42    12   1  tv_06_lcd_glcd.c
  428   203  17  tv_06_lcd.c
   76    35   3  tv_dht11.c
  123    37   3  tv_08_relay_triac_buzzer_dc.c
  419    72   6  tv_07_adc_cb.c
   90    39   3  tv_07_ds18b20.c
  230    54   5  C:\Program Files (x86)\PICC\Drivers\touch.c
   66    27   2  tv_07_i2c_at24cxx.c
   60    20   2  tv_09_matran_led_mbi.c
   82    33   3  tv_08_dc_motor.c
   57    34   3  bai_816_dc_motor_tv.c
----- -----
 5706  1192 Total

Page ROM  %  RAM   Vol Diff  Functions:
---- --- --- ---   --- ----  ----------
0     40   1    1             @delay_ms1
0     26   1    1             @delay_us1
0     32   1    0             @const667
0     38   1    2   239  4.3  xuat_1byte
0     22   1    4   131  2.8  xuat_1word
0     88   2    0   396  1.4  xoa_tat_6module
0     58   1    0   253  2.3  set_up_port
0     68   2    3   198  3.6  phim_bt0_c2
0     68   2    3   192  4.2  phim_bt2_c2
0     36   1    4   160  1.8  xuat_32led_don_4byte
0     36   1    8   245  3.1  xuat_32led_don_2word
0     40   1    3             @DIV88
0     66   2    5             @DIV1616
0     26   1    0             @const907
0     50   1    3   123  2.6  xuat_8led_7doan_quet
0     12   0    0    25  1.2  tat_8led_7doan_quet
0     54   1    2   171  4.0  hien_thi_8led_7doan_quet
0    144   3    6   305  5.1  md8l7d_gma_2so_vitri_vn
0    440  10    9   759  5.4  md8l7d_gma_4so_vitri_vn
0      2   0    0             @const1100
0      2   0    0             @const1106
0     10   0    0             @const1116
0     22   1    0             @const1118
0     32   1    2   158  2.7  xuat_buzzer_relay
0     12   0    0             @const1177
0      8   0    0    29  1.2  dc_motor_enable
0     20   0    0    48  1.1  dc_motor_ktao_ccp2_nghich
0     36   1    0   102  2.5  giai_ma_7doan_quet
0    124   3    0   235  4.5  phim_up
0     30   1    5             @MUL1616
0    130   3    0   247  5.0  phim_dw
0    110   3    0   233  4.1  phim_stop
0    266   6    0   386  4.7  MAIN
 Inline         0             @cinit1

Program metrics:
    Functions               21
    Statements              1192
    Comments                1393
    Volume (V)              8486
    Difficulty (D)          67.8
    Effort to implement (E) 575377
    Time to implement (T)   8 hours, 53 minutes
    Est Delivered Bugs (B)  2
    Cyclomatic Complexity   17
    Maintainability (MI)    77

 Segment     Used  Free
-----------  ----  ----
00000-00002     4  0  
00004-07FFE  2148  30616  



