
ROM used:   7706/32768 (24%)
            7706/32768 (24%) including unused fragments

            1.2 Average locations per line
            5.7 Average locations per statement

RAM used:   1079/2048 (53%) at main() level
            1191/2048 (58%) worst case

Stack used: 7 worst case (7 in main + 0 for interrupts)
Stack size: 31

Lines Stmts  %   Files
----- ----- ---  -----
   34    17   1  bai_628_glcd_dong_ho_kim_giay.c
   24     0   0  tv_kit_vdk_pic_all.c
  212    46   3  tv_00_define_18f4550.c
  837     0   0  C:\Program Files (x86)\PICC\Devices\18f4550.h
  209    88   6  tv_01_4_nutnhan.c
   98    63   5  tv_02_matran_phim4x4_138.c
 2229   257  19  C:\Program Files (x86)\PICC\Drivers\math.h
   41    15   1  tv_03_32led_don.c
  105    47   3  tv_04_4led_7doan.c
  112    48   4  tv_05_8led_7doan_quet.c
  137    45   3  tv_05_i2c_ds13_pcf.c
   42    12   1  tv_06_lcd_glcd.c
  419   198  15  tv_06_lcd.c
   76    35   3  tv_dht11.c
  123    37   3  tv_08_relay_triac_buzzer_dc.c
  356    24   2  tv_07_adc_cb.c
   90    39   3  tv_07_ds18b20.c
  230    54   4  C:\Program Files (x86)\PICC\Drivers\touch.c
   66    27   2  tv_07_i2c_at24cxx.c
   60    20   1  tv_09_matran_led_mbi.c
  330   100   7  tv_06_glcd.c
  540   163  12  C:\Program Files (x86)\PICC\Drivers\graphics.c
   49    27   2  bai_628_glcd_kim_giay_tv.c
----- -----
 6419  1362 Total

Page ROM  %  RAM   Vol Diff  Functions:
---- --- --- ---   --- ----  ----------
0     40   0    1             @delay_ms1
0    106   1    3             @I2C_READ_1
0    118   1    1             @I2C_WRITE_1
0     42   0    2   239  4.3  xuat_1byte
0     22   0    4   131  2.8  xuat_1word
0    112   1    0   396  1.4  xoa_tat_6module
0     58   0    0   253  2.3  set_up_port
0    124   1   10             @FLT
0     60   0    4             @SFTOI
0     54   0    2             @ITOF
0    246   2   11             @MULFF
0    632   4   16             @ADDFF
0    350   2   14             @DIVFF
0     82   1    2             @SITOF
0    904   6   46  1146  9.9  cos
0     78   1    8    44  1.9  sin
0     44   0    3             @DIV88
0    168   1    3   262  4.6  ds1307_cap_nhat_time
0    190   1    4   280  4.0  ds1307_doc_time
0     30   0    0    89  1.5  ds1307_kiem_tra_ma
0     36   0    0   152  1.8  xuat_glcd_lcd
0     20   0    2   104  3.0  xuat_glcd
0     78   1    2             @MUL88
0      2   0    0             @const1100
0     10   0    0             @const1111
0     22   0    0             @const1113
0     12   0    0             @const1158
0     38   0    1   123  2.2  glcd_xuat_db
0     10   0    1    43  1.5  glcd_command
0     12   0    1    43  1.5  glcd_data
0     88   1    1   285  1.9  setup_glcd
0    122   1    7   338  5.1  glcd_mau_nen
0     34   0    5             @MUL1616
0    268   2    6   510  8.0  glcd_pixel
0    238   2    3   447  5.2  gdram_vdk_to_gdram_glcd_all
0    272   2    0   231  2.3  @const1269
0    236   2    0             @const1273
0    310   2   17  1519  9.2  glcd_line
0     86   1    6             @MULS1616
0    528   3   12  1846  8.8  glcd_circle
0    440   3   20  1595 11.3  glcd_text57
0    694   5   26   968  5.7  glcd_ve_kim
0    268   2   17   886  4.0  glcd_ve_vong_tron_ht_so
0     28   0    0             @const1364
0    112   1    2   198  3.7  glcd_dong_ho_so
0    278   2    1   485  6.2  MAIN
 Inline         0             @cinit1

Program metrics:
    Functions               26
    Statements              1362
    Comments                1690
    Volume (V)              21510
    Difficulty (D)          114.6
    Effort to implement (E) 2464330
    Time to implement (T)   38 hours, 2 minutes
    Est Delivered Bugs (B)  6
    Cyclomatic Complexity   42
    Maintainability (MI)    68

 Segment     Used  Free
-----------  ----  ----
00000-00002     4  0  
00004-07FFE  7702  25062  



