
ROM used:   1624/32768 (5%)
            1624/32768 (5%) including unused fragments

            0.3 Average locations per line
            1.3 Average locations per statement

RAM used:   103/2048 (5%) at main() level
            123/2048 (6%) worst case

Stack used: 7 worst case (6 in main + 1 for interrupts)
Stack size: 31

Lines Stmts  %   Files
----- ----- ---  -----
  131    98   8  bai_516_gio_phut_giay_3key.c
   24     0   0  tv_kit_vdk_pic_all.c
  212    46   4  tv_00_define_18f4550.c
  837     0   0  C:\Program Files (x86)\PICC\Devices\18f4550.h
  209    88   7  tv_01_4_nutnhan.c
   94    64   5  tv_02_matran_phim4x4_138.c
 2229   257  20  C:\Program Files (x86)\PICC\Drivers\math.h
   41    15   1  tv_03_32led_don.c
  105    47   4  tv_04_4led_7doan.c
  112    48   4  tv_05_8led_7doan_quet.c
  137    45   4  tv_05_i2c_ds13_pcf.c
   42    12   1  tv_06_lcd_glcd.c
  435   206  16  tv_06_lcd.c
   76    35   3  tv_dht11.c
  123    37   3  tv_08_relay_triac_buzzer_dc.c
  419    72   6  tv_07_adc_cb.c
  106    48   4  tv_07_ds18b20.c
  230    54   4  C:\Program Files (x86)\PICC\Drivers\touch.c
   66    27   2  tv_07_i2c_at24cxx.c
   64    29   2  tv_08_step_motor.c
   82    33   3  tv_08_dc_motor.c
   60    20   2  tv_09_matran_led_mbi.c
----- -----
 5834  1281 Total

Page ROM  %  RAM   Vol Diff  Functions:
---- --- --- ---   --- ----  ----------
0     38   1    1             @delay_ms1
0     42   1    0             @const667
0     38   1    2   239  4.3  xuat_1byte
0     22   1    4   131  2.8  xuat_1word
0     88   3    0   396  1.4  xoa_tat_6module
0     58   2    0   253  2.3  set_up_port
0     72   2    4   247  3.0  phim_bt0_c1
0     72   2    4   243  3.3  phim_bt1_c1
0     72   2    4   240  3.5  phim_bt2_c1
0     40   1    3             @DIV88
0     36   1    0             @const904
0     50   2    3   123  2.6  xuat_8led_7doan_quet
0     12   0    0    25  1.2  tat_8led_7doan_quet
0     52   2    2   171  4.0  hien_thi_8led_7doan_quet
0    142   4    6   305  5.1  md8l7d_gma_2so_vitri_vn
0      2   0    0             @const1097
0      2   0    0             @const1103
0      2   0    0             @const1108
0     10   0    0             @const1118
0     22   1    0             @const1120
0     12   0    0             @const1184
0     16   0    0    29  1.2  interrupt_timer3
0     38   1    0   123  1.7  giai_ma_hien_thi
0     34   1    0   300  3.2  tat_2led_chinh
0     32   1    0   119  3.8  phim_mod
0     76   2    0   380  4.2  phim_up
0     76   2    0   380  4.2  phim_dw
0     60   2    0   258  4.1  xu_ly_gpg
0     28   1    0    96  2.7  xu_ly_choptat
0    234   7    0   315  2.8  MAIN
 Inline         0             @cinit1

Program metrics:
    Functions               20
    Statements              1281
    Comments                1400
    Volume (V)              8102
    Difficulty (D)          61.3
    Effort to implement (E) 496631
    Time to implement (T)   7 hours, 40 minutes
    Est Delivered Bugs (B)  2
    Cyclomatic Complexity   38
    Maintainability (MI)    91

 Segment     Used  Free
-----------  ----  ----
00000-00002     4  0  
00004-00006     0  4  
00008-00094   142  0  
00096-07FFE  1478  31140  



