
ROM used:   2800/32768 (9%)
            2800/32768 (9%) including unused fragments

            0.5 Average locations per line
            2.4 Average locations per statement

RAM used:   60/2048 (3%) at main() level
            82/2048 (4%) worst case

Stack used: 10 worst case (10 in main + 0 for interrupts)
Stack size: 31

Lines Stmts  %   Files
----- ----- ---  -----
   59    34   3  bai_711_ds18b20_lcd_7doan_den_buz_rom.c
   24     0   0  C:\Program Files (x86)\PICC\Drivers\tv_kit_vdk_pic_all.c
  212    46   4  C:\Program Files (x86)\PICC\Drivers\tv_00_define_18f4550.c
  837     0   0  C:\Program Files (x86)\PICC\Devices\18f4550.h
  209    88   8  C:\Program Files (x86)\PICC\Drivers\tv_01_4_nutnhan.c
   98    63   6  C:\Program Files (x86)\PICC\Drivers\tv_02_matran_phim4x4_138.c
 2229   257  22  C:\Program Files (x86)\PICC\Drivers\math.h
   41    15   1  C:\Program Files (x86)\PICC\Drivers\tv_03_32led_don.c
  105    47   4  C:\Program Files (x86)\PICC\Drivers\tv_04_4led_7doan.c
  112    48   4  C:\Program Files (x86)\PICC\Drivers\tv_05_8led_7doan_quet.c
  137    45   4  C:\Program Files (x86)\PICC\Drivers\tv_05_i2c_ds13_pcf.c
   42    12   1  C:\Program Files (x86)\PICC\Drivers\tv_06_lcd_glcd.c
  435   206  18  C:\Program Files (x86)\PICC\Drivers\tv_06_lcd.c
   76    35   3  C:\Program Files (x86)\PICC\Drivers\tv_dht11.c
  123    37   3  C:\Program Files (x86)\PICC\Drivers\tv_08_relay_triac_buzzer_dc.c
  419    72   6  C:\Program Files (x86)\PICC\Drivers\tv_07_adc_cb.c
   90    39   3  C:\Program Files (x86)\PICC\Drivers\tv_07_ds18b20.c
  230    54   5  C:\Program Files (x86)\PICC\Drivers\touch.c
   66    27   2  C:\Program Files (x86)\PICC\Drivers\tv_07_i2c_at24cxx.c
   60    20   2  C:\Program Files (x86)\PICC\Drivers\tv_09_matran_led_mbi.c
----- -----
 5604  1145 Total

Page ROM  %  RAM   Vol Diff  Functions:
---- --- --- ---   --- ----  ----------
0     38   1    1             @delay_ms1
0     26   0    1             @delay_us1
0     32   1    0             @const667
0     38   1    2   239  4.3  xuat_1byte
0     22   0    4   131  2.8  xuat_1word
0     88   2    0   396  1.4  xoa_tat_6module
0     58   1    0   253  2.3  set_up_port
0     44   1    0   152  1.8  xuat_4led_7doan_4so
0    148   3    6   305  5.1  md4l7d_giaima_2so_vitri_vn
0     40   1    3             @DIV88
0     66   1    5             @DIV1616
0     36   1    0   152  1.8  xuat_glcd_lcd
0     16   0    2   104  3.0  xuat_lcd
0     38   1    1   123  2.2  lcd_xuat
0     10   0    1    43  1.5  lcd_command
0     10   0    1    43  1.5  lcd_data
0     72   1    0   297  2.3  lcd_setup
0     20   0    0             @const986
0     26   0    3   145  3.9  lcd_goto_xy
0     76   1    0             @const992
0     80   1    0             @const996
0     44   1    2   127  3.5  lcd_khoi_tao_cgram_so_to
0     92   2    6   280  5.8  lcd_hien_thi_so_to
0     76   1    2             @MUL88
0     52   1    4   241  5.3  lcd_xoa_so_to
0    170   3   12   540  5.2  lcd_gm_ht_3so_nho_xvn
0    128   2    9   419  5.9  lcd_gm_ht_2so_to_xvn
0      2   0    0             @const1100
0     32   1    2             @PSTRINGC_977
0      2   0    0             @const1106
0      2   0    0             @const1111
0     10   0    0             @const1121
0     22   0    0             @const1123
0     36   1    2   158  2.7  xuat_buzzer_relay
0      8   0    0    29  1.2  buzzer_off
0     60   1    1   176  2.3  touch_read_bit
0     34   1    2   149  4.3  touch_read_byte
0    112   2    1   450  3.3  touch_write_bit
0     46   1    3   185  5.6  touch_write_byte
0     78   1    2   260  3.2  touch_present
0     18   0    0    43  1.3  ds18b20_no_ds18b
0     12   0    0             @const1182
0     46   1    0   158  1.3  ds18b20_khoi_tao
0     58   1    4   260  2.9  ds18b20_read_temp
0    182   3   15   851  8.6  ds18b20_doc_rom
0    130   2    2   259  4.0  ds18b20_a_ht_lcd
0      2   0    0   242  3.7  @const1229
0     32   1    5    96  2.1  @MUL1616
0     18   0    0    45  1.4  ds18b20_a_ht_7doan
0     60   1    0   152  3.4  ds18b20_a_doc_nhiet_do
0    234   4    0   305  3.1  MAIN
0      8   0    0    38  1.9  @const1238
0      6   0    0   132  2.9  @const1239
 Inline         0   326  2.7  @cinit1

Program metrics:
    Functions               38
    Statements              1145
    Comments                1389
    Volume (V)              16608
    Difficulty (D)          121.4
    Effort to implement (E) 2016482
    Time to implement (T)   31 hours, 7 minutes
    Est Delivered Bugs (B)  5
    Cyclomatic Complexity   35
    Maintainability (MI)    87

 Segment     Used  Free
-----------  ----  ----
00000-00002     4  0  
00004-07FFE  2796  29968  



