
ROM used:   8410/32768 (26%)
            8410/32768 (26%) including unused fragments

            1.3 Average locations per line
            5.6 Average locations per statement

RAM used:   1109/2048 (54%) at main() level
            1189/2048 (58%) worst case

Stack used: 7 worst case (7 in main + 0 for interrupts)
Stack size: 31

Lines Stmts  %   Files
----- ----- ---  -----
   45    24   2  bai_813_dkdc_dc_theo_thoi_gian_GLCD_hthi_giay.c
   24     0   0  tv_kit_vdk_pic_all.c
  212    46   3  tv_00_define_18f4550.c
  837     0   0  C:\Program Files (x86)\PICC\Devices\18f4550.h
  209    88   6  tv_01_4_nutnhan.c
   98    63   4  tv_02_matran_phim4x4_138.c
 2229   257  17  C:\Program Files (x86)\PICC\Drivers\math.h
   41    15   1  tv_03_32led_don.c
  105    47   3  tv_04_4led_7doan.c
  112    48   3  tv_05_8led_7doan_quet.c
  137    45   3  tv_05_i2c_ds13_pcf.c
   42    12   1  tv_06_lcd_glcd.c
  428   203  13  tv_06_lcd.c
   76    35   2  tv_dht11.c
  123    37   2  tv_08_relay_triac_buzzer_dc.c
  419    72   5  tv_07_adc_cb.c
   90    39   3  tv_07_ds18b20.c
  230    54   4  C:\Program Files (x86)\PICC\Drivers\touch.c
   66    27   2  tv_07_i2c_at24cxx.c
   60    20   1  tv_09_matran_led_mbi.c
  357   100   7  tv_06_glcd.c
  540   163  11  C:\Program Files (x86)\PICC\Drivers\graphics.c
   65    36   2  bai_631_glcd_kim_giay_tv.c
   82    33   2  tv_08_dc_motor.c
   60    49   3  bai_812_dc_motor_tv.c
----- -----
 6687  1513 Total

Page ROM  %  RAM   Vol Diff  Functions:
---- --- --- ---   --- ----  ----------
0     40   0    1             @delay_ms1
0    106   1    3             @I2C_READ_1
0    118   1    1             @I2C_WRITE_1
0     42   0    2   239  4.3  xuat_1byte
0     22   0    4   131  2.8  xuat_1word
0    112   1    0   396  1.4  xoa_tat_6module
0     58   0    0   253  2.3  set_up_port
0    124   1   10             @FLT
0     60   0    4             @SFTOI
0     54   0    2             @ITOF
0    246   1   11             @MULFF
0    632   4   16             @ADDFF
0    350   2   14             @DIVFF
0     82   0    2             @SITOF
0    904   5   46  1146  9.9  cos
0     78   0    8    44  1.9  sin
0     44   0    4   160  1.8  xuat_32led_don_4byte
0     36   0    8   245  3.1  xuat_32led_don_2word
0    168   1    3   262  4.6  ds1307_cap_nhat_time
0    190   1    4   280  4.0  ds1307_doc_time
0     30   0    0    89  1.5  ds1307_kiem_tra_ma
0     36   0    0   152  1.8  xuat_glcd_lcd
0     20   0    2   104  3.0  xuat_glcd
0     78   0    2             @MUL88
0      2   0    0             @const1100
0      2   0    0             @const1106
0     10   0    0             @const1116
0     22   0    0             @const1118
0     36   0    2   158  2.7  xuat_buzzer_relay
0     12   0    0             @const1177
0     38   0    1   123  2.2  glcd_xuat_db
0     10   0    1    43  1.5  glcd_command
0     12   0    1    43  1.5  glcd_data
0     88   1    1   285  1.9  setup_glcd
0    122   1    7   338  5.1  glcd_mau_nen
0     34   0    5   367  4.7  @MUL1616
0    268   2    6   510  8.0  glcd_pixel
0    238   1    3   447  5.2  gdram_vdk_to_gdram_glcd_all
0    272   2    0   367  4.7  @const1288
0    236   1    0   367  4.7  @const1292
0    310   2   17  1519  9.2  glcd_line
0     86   1    6             @MULS1616
0    528   3   12  1846  8.8  glcd_circle
0    440   3   20  1595 11.3  glcd_text57
0    472   3   20  2005  4.0  glcd_ve_cac_vong_tron_so
0    580   3    7   438  5.6  tinh_vi_tri_kim_giay
0    140   1    4   399  2.4  glcd_ve_kim_giay
0     28   0    0             @const1385
0     94   1    1   203  3.5  glcd_dong_ho_so
0      8   0    0    29  1.2  dc_motor_enable
0     12   0    0    32  1.0  dc_motor_quay_thuan
0     12   0    0    32  1.0  dc_motor_quay_nghich
0     10   0    0    32  1.0  dc_motor_stop
0     20   0    0    69  2.1  dc_motor_run
0    100   1    0   470  4.3  phim_on_off
0    166   1    2   780  4.8  dkdc_theo_giay
0    368   2    1   755  6.3  MAIN
 Inline         0             @cinit1

Program metrics:
    Functions               39
    Statements              1513
    Comments                1761
    Volume (V)              30184
    Difficulty (D)          153.3
    Effort to implement (E) 4627247
    Time to implement (T)   71 hours, 24 minutes
    Est Delivered Bugs (B)  9
    Cyclomatic Complexity   55
    Maintainability (MI)    35

 Segment     Used  Free
-----------  ----  ----
00000-00002     4  0  
00004-07FFE  8406  24358  



