
ROM used:   2024/32768 (6%)
            2024/32768 (6%) including unused fragments

            0.4 Average locations per line
            1.7 Average locations per statement

RAM used:   60/2048 (3%) at main() level
            85/2048 (4%) worst case

Stack used: 9 worst case (9 in main + 0 for interrupts)
Stack size: 31

Lines Stmts  %   Files
----- ----- ---  -----
   27    19   2  bai_721_do_nhiet_do_do_am_DHT11.c
   24     0   0  tv_kit_vdk_pic_all.c
  212    46   4  tv_00_define_18f4550.c
  837     0   0  C:\Program Files (x86)\PICC\Devices\18f4550.h
  209    88   8  tv_01_4_nutnhan.c
   98    63   5  tv_02_matran_phim4x4_138.c
 2229   257  22  C:\Program Files (x86)\PICC\Drivers\math.h
   41    15   1  tv_03_32led_don.c
  105    47   4  tv_04_4led_7doan.c
  112    48   4  tv_05_8led_7doan_quet.c
  137    45   4  tv_05_i2c_ds13_pcf.c
   42    12   1  tv_06_lcd_glcd.c
  435   206  18  tv_06_lcd.c
   76    35   3  tv_dht11.c
  123    37   3  tv_08_relay_triac_buzzer_dc.c
  419    72   6  tv_07_adc_cb.c
   90    39   3  tv_07_ds18b20.c
  230    54   5  C:\Program Files (x86)\PICC\Drivers\touch.c
   66    27   2  tv_07_i2c_at24cxx.c
   60    20   2  tv_09_matran_led_mbi.c
   51    31   3  bai_721_dht11_tv.c
----- -----
 5623  1161 Total

Page ROM  %  RAM   Vol Diff  Functions:
---- --- --- ---   --- ----  ----------
0     38   1    1             @delay_ms1
0     38   1    2   239  4.3  xuat_1byte
0     22   1    4   131  2.8  xuat_1word
0     88   2    0   396  1.4  xoa_tat_6module
0     58   1    0   253  2.3  set_up_port
0     66   2    5             @DIV1616
0     36   1    0   152  1.8  xuat_glcd_lcd
0     16   0    2   104  3.0  xuat_lcd
0     38   1    1   123  2.2  lcd_xuat
0     10   0    1    43  1.5  lcd_command
0     10   0    1    43  1.5  lcd_data
0     72   2    0   297  2.3  lcd_setup
0     20   0    0             @const986
0     26   1    3   145  3.9  lcd_goto_xy
0     76   2    0             @const992
0     80   2    0             @const996
0     44   1    2   127  3.5  lcd_khoi_tao_cgram_so_to
0     92   2    6   280  5.8  lcd_hien_thi_so_to
0     76   2    2             @MUL88
0     52   1    4   241  5.3  lcd_xoa_so_to
0     82   2    6   379  5.5  lcd_hthi_byte
0    126   3    9   419  5.9  lcd_gm_ht_2so_to_xvn
0      2   0    0             @const1100
0     32   1    2             @PSTRINGC_977
0      2   0    0             @const1106
0      2   0    0   485  6.6  @const1111
0     34   1    0   127  1.3  dht11_start
0     62   2    3   485  6.6  dht11_check_response
0     60   1    3   344  7.4  dht11_read
0     20   0    0    43  1.3  hien_thi_no_dht11
0     10   0    0             @const1121
0     22   1    0    29  1.2  @const1123
0     12   0    0   260  2.9  @const1182
0     62   2    1   280  4.1  dht11_read_temp_humi
0    150   4    3   496  2.3  dht11_hthi_lcd_5byte
0      2   0    0  2159  8.9  @const1236
0      2   0    0  2159  8.9  @const1237
0     70   2    3   284  4.2  dht11_hthi_lcd_nd_da
0    282   7    0   464  2.3  MAIN
0      6   0    0  2159  8.9  @const1244
0      6   0    0   447  5.2  @const1245
0      6   0    0  2159  8.9  @const1246
0      6   0    0  2159  8.9  @const1247
0      4   0    0  2159  8.9  @const1248
 Inline         0   114  3.0  @cinit1

Program metrics:
    Functions               35
    Statements              1161
    Comments                1400
    Volume (V)              34577
    Difficulty (D)          156.2
    Effort to implement (E) 5399434
    Time to implement (T)   83 hours, 19 minutes
    Est Delivered Bugs (B)  10
    Cyclomatic Complexity   56
    Maintainability (MI)    60

 Segment     Used  Free
-----------  ----  ----
00000-00002     4  0  
00004-07FFE  2020  30744  



