
ROM used:   894/32768 (3%)
            894/32768 (3%) including unused fragments

            0.2 Average locations per line
            0.8 Average locations per statement

RAM used:   50/2048 (2%) at main() level
            69/2048 (3%) worst case

Stack used: 6 worst case (6 in main + 0 for interrupts)
Stack size: 31

Lines Stmts  %   Files
----- ----- ---  -----
   27    18   2  bai_611b_lcd_traitim.c
   24     0   0  tv_kit_vdk_pic_all.c
  212    46   4  tv_00_define_18f4550.c
  837     0   0  C:\Program Files (x86)\PICC\Devices\18f4550.h
  209    88   8  tv_01_4_nutnhan.c
   98    63   6  tv_02_matran_phim4x4_138.c
 2229   257  24  C:\Program Files (x86)\PICC\Drivers\math.h
   41    15   1  tv_03_32led_don.c
  105    47   4  tv_04_4led_7doan.c
  112    48   4  tv_05_8led_7doan_quet.c
  137    45   4  tv_05_i2c_ds13_pcf.c
   42    12   1  tv_06_lcd_glcd.c
  419   198  18  tv_06_lcd.c
   76    35   3  tv_dht11.c
  123    37   3  tv_08_relay_triac_buzzer_dc.c
  356    24   2  tv_07_adc_cb.c
   90    39   4  tv_07_ds18b20.c
  230    54   5  C:\Program Files (x86)\PICC\Drivers\touch.c
   66    27   3  tv_07_i2c_at24cxx.c
   60    20   2  tv_09_matran_led_mbi.c
----- -----
 5493  1073 Total

Page ROM  %  RAM   Vol Diff  Functions:
---- --- --- ---   --- ----  ----------
0     40   2    1             @delay_ms1
0     38   2    2   239  4.3  xuat_1byte
0     22   1    4   131  2.8  xuat_1word
0     88   5    0   396  1.4  xoa_tat_6module
0     58   3    0   253  2.3  set_up_port
0     36   2    0   152  1.8  xuat_glcd_lcd
0     16   1    2   104  3.0  xuat_lcd
0     38   2    1   123  2.2  lcd_xuat
0     10   1    1    43  1.5  lcd_command
0     10   1    1    43  1.5  lcd_data
0     72   4    0   297  2.3  lcd_setup
0     20   1    0             @const986
0     26   1    3   145  3.9  lcd_goto_xy
0      2   0    0             @const1100
0     34   2    2             @PSTRINGC_977
0     10   1    0             @const1111
0     22   1    0             @const1113
0     12   1    0             @const1158
0     32   2    0  1020  6.2  @const1199
0    284  16    1   598  4.7  MAIN
0     20   1    0  1020  6.2  @const1206
 Inline         0  1020  6.2  @cinit1

Program metrics:
    Functions               15
    Statements              1073
    Comments                1379
    Volume (V)              9043
    Difficulty (D)          50.1
    Effort to implement (E) 452729
    Time to implement (T)   6 hours, 59 minutes
    Est Delivered Bugs (B)  2
    Cyclomatic Complexity   28
    Maintainability (MI)    106

 Segment     Used  Free
-----------  ----  ----
00000-00002     4  0  
00004-07FFE   890  31874  



