
ROM used:   1212/32768 (4%)
            1212/32768 (4%) including unused fragments

            0.2 Average locations per line
            1.0 Average locations per statement

RAM used:   59/2048 (3%) at main() level
            79/2048 (4%) worst case

Stack used: 4 worst case (4 in main + 0 for interrupts)
Stack size: 31

Lines Stmts  %   Files
----- ----- ---  -----
   82    44   4  bai_413_dem_xung_t0_stop_run_ud_32led_thay_PHU.c
   24     0   0  tv_kit_vdk_pic_all.c
  212    46   4  tv_00_define_18f4550.c
  837     0   0  C:\Program Files (x86)\PICC\Devices\18f4550.h
  209    88   8  tv_01_4_nutnhan.c
   98    63   5  tv_02_matran_phim4x4_138.c
 2229   257  22  C:\Program Files (x86)\PICC\Drivers\math.h
   41    15   1  tv_03_32led_don.c
  105    47   4  tv_04_4led_7doan.c
  112    48   4  tv_05_8led_7doan_quet.c
  137    45   4  tv_05_i2c_ds13_pcf.c
   42    12   1  tv_06_lcd_glcd.c
  435   206  18  tv_06_lcd.c
   76    35   3  tv_dht11.c
  123    37   3  tv_08_relay_triac_buzzer_dc.c
  419    72   6  tv_07_adc_cb.c
   90    39   3  tv_07_ds18b20.c
  230    54   5  C:\Program Files (x86)\PICC\Drivers\touch.c
   66    27   2  tv_07_i2c_at24cxx.c
   60    20   2  tv_09_matran_led_mbi.c
----- -----
 5627  1155 Total

Page ROM  %  RAM   Vol Diff  Functions:
---- --- --- ---   --- ----  ----------
0     26   1    1             @delay_us1
0     32   1    0             @const667
0     38   2    2   239  4.3  xuat_1byte
0     22   1    4   131  2.8  xuat_1word
0     88   4    0   396  1.4  xoa_tat_6module
0     58   2    0   253  2.3  set_up_port
0     68   3    3   198  3.6  phim_bt0_c2
0     68   3    3   194  3.9  phim_bt1_c2
0     68   3    3   192  4.2  phim_bt2_c2
0     36   1    4   160  1.8  xuat_32led_don_4byte
0     36   1    8   245  3.1  xuat_32led_don_2word
0     36   1    0   152  1.8  xuat_4led_7doan_4so
0    142   6    6   305  5.1  md4l7d_giaima_2so_vitri_vn
0     40   2    3             @DIV88
0      2   0    0             @const1100
0      2   0    0             @const1106
0      2   0    0             @const1111
0     10   0    0             @const1121
0     22   1    0             @const1123
0     12   0    0             @const1182
0     52   2    1   169  4.0  phim_ud
0     36   1    1   102  2.9  phim_stop
0     42   2    1   114  3.4  phim_run
0     56   2    1   188  3.6  b413_hienthi_t0_4l7d
0     30   1    0   130  3.0  b413_dem_xung_ngoai_t0
0    184   8    0   185  2.2  MAIN
 Inline         0   338  5.1  @cinit1

Program metrics:
    Functions               18
    Statements              1155
    Comments                1389
    Volume (V)              6823
    Difficulty (D)          58.4
    Effort to implement (E) 398768
    Time to implement (T)   6 hours, 9 minutes
    Est Delivered Bugs (B)  2
    Cyclomatic Complexity   18
    Maintainability (MI)    116

 Segment     Used  Free
-----------  ----  ----
00000-00002     4  0  
00004-07FFE  1208  31556  



