
ROM used:   1208/32768 (4%)
            1208/32768 (4%) including unused fragments

            0.2 Average locations per line
            1.1 Average locations per statement

RAM used:   55/2048 (3%) at main() level
            74/2048 (4%) worst case

Stack used: 4 worst case (4 in main + 0 for interrupts)
Stack size: 31

Lines Stmts  %   Files
----- ----- ---  -----
   70    46   4  bai_415_dem_xung_t0_stop_run_32led_gh_mtp4x4.c
   24     0   0  tv_kit_vdk_pic_all.c
  212    46   4  tv_00_define_18f4550.c
  837     0   0  C:\Program Files (x86)\PICC\Devices\18f4550.h
  209    88   8  tv_01_4_nutnhan.c
   98    63   6  tv_02_matran_phim4x4_138.c
 2229   257  23  C:\Program Files (x86)\PICC\Drivers\math.h
   41    15   1  tv_03_32led_don.c
  105    47   4  tv_04_4led_7doan.c
  112    48   4  tv_05_8led_7doan_quet.c
  137    45   4  tv_05_i2c_ds13_pcf.c
   42    12   1  tv_06_lcd_glcd.c
  419   198  18  tv_06_lcd.c
   76    35   3  tv_dht11.c
  123    37   3  tv_08_relay_triac_buzzer_dc.c
  356    24   2  tv_07_adc_cb.c
   90    39   4  tv_07_ds18b20.c
  230    54   5  C:\Program Files (x86)\PICC\Drivers\touch.c
   66    27   2  tv_07_i2c_at24cxx.c
   60    20   2  tv_09_matran_led_mbi.c
----- -----
 5536  1101 Total

Page ROM  %  RAM   Vol Diff  Functions:
---- --- --- ---   --- ----  ----------
0     38   2    1             @delay_ms1
0     32   1    0             @const667
0     38   2    2   239  4.3  xuat_1byte
0     22   1    4   131  2.8  xuat_1word
0     88   4    0   396  1.4  xoa_tat_6module
0     58   2    0   253  2.3  set_up_port
0     20   1    0             @const704
0    112   5    4   627  8.1  key_nhan
0     50   2    2   245  5.0  key_4x4_dw
0     36   1    4   160  1.8  xuat_32led_don_4byte
0     36   1    8   245  3.1  xuat_32led_don_2word
0     36   1    0   152  1.8  xuat_4led_7doan_4so
0    142   6    6   305  5.1  md4l7d_giaima_2so_vitri_vn
0     40   2    3             @DIV88
0      2   0    0             @const1100
0     10   0    0             @const1111
0     22   1    0             @const1113
0     30   1    2   158  2.7  xuat_buzzer_relay
0     36   1    3    94  1.7  buzzer_on_off
0     12   0    0             @const1158
0     40   2    1   129  3.0  b411_hienthi_4led7doan
0     38   2    0   152  3.0  b411_dem_sp_t0
0    266  11    1   827  5.3  MAIN
 Inline         0             @cinit1

Program metrics:
    Functions               15
    Statements              1101
    Comments                1378
    Volume (V)              7063
    Difficulty (D)          50.7
    Effort to implement (E) 357990
    Time to implement (T)   5 hours, 31 minutes
    Est Delivered Bugs (B)  2
    Cyclomatic Complexity   19
    Maintainability (MI)    107

 Segment     Used  Free
-----------  ----  ----
00000-00002     4  0  
00004-07FFE  1204  31560  



