
ROM used:   2034/32768 (6%)
            2034/32768 (6%) including unused fragments

            0.4 Average locations per line
            1.7 Average locations per statement

RAM used:   62/2048 (3%) at main() level
            81/2048 (4%) worst case

Stack used: 4 worst case (4 in main + 0 for interrupts)
Stack size: 31

Lines Stmts  %   Files
----- ----- ---  -----
   25    16   1  bai_818_dkdc_dc_quay_thuan_nghich_PWM_For_Rev.c
   24     0   0  tv_kit_vdk_pic_all.c
  212    46   4  tv_00_define_18f4550.c
  837     0   0  C:\Program Files (x86)\PICC\Devices\18f4550.h
  209    88   7  tv_01_4_nutnhan.c
   98    63   5  tv_02_matran_phim4x4_138.c
 2229   257  22  C:\Program Files (x86)\PICC\Drivers\math.h
   41    15   1  tv_03_32led_don.c
  105    47   4  tv_04_4led_7doan.c
  112    48   4  tv_05_8led_7doan_quet.c
  137    45   4  tv_05_i2c_ds13_pcf.c
   42    12   1  tv_06_lcd_glcd.c
  428   203  17  tv_06_lcd.c
   76    35   3  tv_dht11.c
  123    37   3  tv_08_relay_triac_buzzer_dc.c
  419    72   6  tv_07_adc_cb.c
   90    39   3  tv_07_ds18b20.c
  230    54   5  C:\Program Files (x86)\PICC\Drivers\touch.c
   66    27   2  tv_07_i2c_at24cxx.c
   60    20   2  tv_09_matran_led_mbi.c
   82    33   3  tv_08_dc_motor.c
   57    36   3  bai_818_dc_motor_tv.c
----- -----
 5702  1193 Total

Page ROM  %  RAM   Vol Diff  Functions:
---- --- --- ---   --- ----  ----------
0     40   1    1             @delay_ms1
0     26   1    1             @delay_us1
0     32   1    0             @const667
0     38   1    2   239  4.3  xuat_1byte
0     22   1    4   131  2.8  xuat_1word
0     88   2    0   396  1.4  xoa_tat_6module
0     58   1    0   253  2.3  set_up_port
0     68   2    3   198  3.6  phim_bt0_c2
0     68   2    3   192  4.2  phim_bt2_c2
0     36   1    4   160  1.8  xuat_32led_don_4byte
0     36   1    8   245  3.1  xuat_32led_don_2word
0     40   1    3             @DIV88
0     66   2    5             @DIV1616
0     26   1    0             @const907
0     50   1    3   123  2.6  xuat_8led_7doan_quet
0     12   0    0    25  1.2  tat_8led_7doan_quet
0     54   1    2   171  4.0  hien_thi_8led_7doan_quet
0    144   4    6   305  5.1  md8l7d_gma_2so_vitri_vn
0    440  11    9   759  5.4  md8l7d_gma_4so_vitri_vn
0      2   0    0             @const1100
0      2   0    0             @const1106
0     10   0    0             @const1116
0     22   1    0             @const1118
0     32   1    2   158  2.7  xuat_buzzer_relay
0     12   0    0             @const1177
0      8   0    0    29  1.2  dc_motor_enable
0     24   1    0    48  1.1  dc_motor_ktao_ccp1_thuan
0     20   0    0    48  1.1  dc_motor_ktao_ccp2_nghich
0     12   0    0    38  1.9  dc_motor_ktao_ccpx
0     84   2    0    48  2.1  dc_motor_set_pwmx_duty
0     18   0    0    78  1.5  dc_motor_pwm_ccp1_ccp2_stop
0     32   1    0    69  1.6  giai_ma_7doan_quet
0     78   2    0   238  4.1  quay_thuan_tang_toc
0     32   1    5   214  4.9  @MUL1616
0     46   1    0   167  2.6  motor_dc_stop
0    252   6    1   423  6.1  MAIN
 Inline         0   333  5.6  @cinit1

Program metrics:
    Functions               26
    Statements              1193
    Comments                1394
    Volume (V)              9643
    Difficulty (D)          79.0
    Effort to implement (E) 761444
    Time to implement (T)   11 hours, 45 minutes
    Est Delivered Bugs (B)  3
    Cyclomatic Complexity   23
    Maintainability (MI)    31

 Segment     Used  Free
-----------  ----  ----
00000-00002     4  0  
00004-07FFE  2030  30734  



