
ROM used:   1388/32768 (4%)
            1388/32768 (4%) including unused fragments

            0.2 Average locations per line
            1.2 Average locations per statement

RAM used:   1079/2048 (53%) at main() level
            1099/2048 (54%) worst case

Stack used: 7 worst case (7 in main + 0 for interrupts)
Stack size: 31

Lines Stmts  %   Files
----- ----- ---  -----
   23    11   1  bai_622_glcd_dem_sp_t0.c
   24     0   0  tv_kit_vdk_pic_all.c
  212    46   4  tv_00_define_18f4550.c
  837     0   0  C:\Program Files (x86)\PICC\Devices\18f4550.h
  209    88   7  tv_01_4_nutnhan.c
   98    63   5  tv_02_matran_phim4x4_138.c
 2229   257  22  C:\Program Files (x86)\PICC\Drivers\math.h
   41    15   1  tv_03_32led_don.c
  105    47   4  tv_04_4led_7doan.c
  112    48   4  tv_05_8led_7doan_quet.c
  137    45   4  tv_05_i2c_ds13_pcf.c
   42    12   1  tv_06_lcd_glcd.c
  419   198  17  tv_06_lcd.c
   76    35   3  tv_dht11.c
  123    37   3  tv_08_relay_triac_buzzer_dc.c
  356    24   2  tv_07_adc_cb.c
   90    39   3  tv_07_ds18b20.c
  230    54   5  C:\Program Files (x86)\PICC\Drivers\touch.c
   66    27   2  tv_07_i2c_at24cxx.c
   60    20   2  tv_09_matran_led_mbi.c
  330   100   8  tv_06_glcd.c
   50    27   2  bai_622_glcd_dem_sp_t0_tv.c
----- -----
 5869  1193 Total

Page ROM  %  RAM   Vol Diff  Functions:
---- --- --- ---   --- ----  ----------
0     40   1    1             @delay_ms1
0     32   1    0             @const667
0     42   2    2   239  4.3  xuat_1byte
0     22   1    4   131  2.8  xuat_1word
0    112   4    0   396  1.4  xoa_tat_6module
0     58   2    0   253  2.3  set_up_port
0     36   1    0   152  1.8  xuat_4led_7doan_4so
0    158   6    6   305  5.1  md4l7d_giaima_2so_vitri_vn
0     44   2    3             @DIV88
0     36   1    0   152  1.8  xuat_glcd_lcd
0     20   1    2   104  3.0  xuat_glcd
0      2   0    0             @const1100
0     10   0    0             @const1111
0     22   1    0             @const1113
0     30   1    2   158  2.7  xuat_buzzer_relay
0     44   2    3    94  1.7  buzzer_on_off
0     12   0    0             @const1158
0     38   1    1   123  2.2  glcd_xuat_db
0     10   0    1    43  1.5  glcd_command
0     10   0    1    43  1.5  glcd_data
0     90   3    1   285  1.9  setup_glcd
0     40   1    0    82  1.6  b622_hienthi_4led7doan
0    166   6    6   496  5.8  h622_glcd_gma_hthi
0     66   2    0   188  3.6  b622_dem_sp_glcd_4l7d_t0
0    196   7    0   200  2.6  MAIN
0     14   1    0   898  6.3  @const1283
0     34   1    2   898  6.3  @PSTRINGC_1210
 Inline         0    72  1.5  @cinit1

Program metrics:
    Functions               21
    Statements              1193
    Comments                1476
    Volume (V)              9462
    Difficulty (D)          61.6
    Effort to implement (E) 583022
    Time to implement (T)   9 hours, 0 minutes
    Est Delivered Bugs (B)  2
    Cyclomatic Complexity   13
    Maintainability (MI)    94

 Segment     Used  Free
-----------  ----  ----
00000-00002     4  0  
00004-07FFE  1384  31380  



