*** Error 23 "C:\Program Files (x86)\PICC\Devices\18f4550.h" Line 11(8,9): Can not set this option this far into the code
*** Error 48 "C:\Program Files (x86)\PICC\Devices\18f4550.h" Line 30(46,47): Expecting a (
*** Error 28 "C:\Program Files (x86)\PICC\Devices\18f4550.h" Line 785(2,7): Expecting an identifier
*** Error 23 "E:\CCS VXL\THUC TAP VXL_SP\VXL_VIP_PRO\THU VIEN PIC 18F4550\tv_00_define_18f4550.c" Line 9(8,9): Can not set this option this far into the code
*** Error 48 "E:\CCS VXL\THUC TAP VXL_SP\VXL_VIP_PRO\THU VIEN PIC 18F4550\tv_00_define_18f4550.c" Line 9(10,13): Expecting a (
*** Error 43 "E:\CCS VXL\THUC TAP VXL_SP\VXL_VIP_PRO\THU VIEN PIC 18F4550\tv_00_define_18f4550.c" Line 9(14,16): Expecting a declaration
--- Info 300 "E:\CCS VXL\THUC TAP VXL_SP\VXL_VIP_PRO\THU VIEN PIC 18F4550\tv_00_define_18f4550.c" Line 13(5,8): More info:   First Declaration of STDIN
*** Error 31 "E:\CCS VXL\THUC TAP VXL_SP\VXL_VIP_PRO\THU VIEN PIC 18F4550\tv_00_define_18f4550.c" Line 13(5,54): Identifier is already used in this scope
--- Info 300 "E:\CCS VXL\THUC TAP VXL_SP\VXL_VIP_PRO\THU VIEN PIC 18F4550\tv_00_define_18f4550.c" Line 103(16,20): More info:   First Declaration of rbdc
*** Error 31 "E:\CCS VXL\THUC TAP VXL_SP\VXL_VIP_PRO\THU VIEN PIC 18F4550\tv_00_define_18f4550.c" Line 103(16,20): Identifier is already used in this scope
--- Info 300 "E:\CCS VXL\THUC TAP VXL_SP\VXL_VIP_PRO\THU VIEN PIC 18F4550\tv_00_define_18f4550.c" Line 105(2,5): More info:   First Declaration of step_motor_enable
*** Error 31 "E:\CCS VXL\THUC TAP VXL_SP\VXL_VIP_PRO\THU VIEN PIC 18F4550\tv_00_define_18f4550.c" Line 105(2,5): Identifier is already used in this scope
*** Error 48 "E:\CCS VXL\THUC TAP VXL_SP\VXL_VIP_PRO\THU VIEN PIC 18F4550\tv_00_define_18f4550.c" Line 105(6,20): Expecting a (
*** Error 48 "E:\CCS VXL\THUC TAP VXL_SP\VXL_VIP_PRO\THU VIEN PIC 18F4550\tv_00_define_18f4550.c" Line 105(26,30): Expecting a (
--- Info 300 "E:\CCS VXL\THUC TAP VXL_SP\VXL_VIP_PRO\THU VIEN PIC 18F4550\tv_00_define_18f4550.c" Line 107(2,5): More info:   First Declaration of step_motor_in2
*** Error 31 "E:\CCS VXL\THUC TAP VXL_SP\VXL_VIP_PRO\THU VIEN PIC 18F4550\tv_00_define_18f4550.c" Line 107(2,5): Identifier is already used in this scope
*** Error 48 "E:\CCS VXL\THUC TAP VXL_SP\VXL_VIP_PRO\THU VIEN PIC 18F4550\tv_00_define_18f4550.c" Line 107(6,20): Expecting a (
*** Error 48 "E:\CCS VXL\THUC TAP VXL_SP\VXL_VIP_PRO\THU VIEN PIC 18F4550\tv_00_define_18f4550.c" Line 107(26,30): Expecting a (
--- Info 300 "E:\CCS VXL\THUC TAP VXL_SP\VXL_VIP_PRO\THU VIEN PIC 18F4550\tv_00_define_18f4550.c" Line 109(2,5): More info:   First Declaration of step_motor_in4
*** Error 31 "E:\CCS VXL\THUC TAP VXL_SP\VXL_VIP_PRO\THU VIEN PIC 18F4550\tv_00_define_18f4550.c" Line 109(2,5): Identifier is already used in this scope
*** Error 48 "E:\CCS VXL\THUC TAP VXL_SP\VXL_VIP_PRO\THU VIEN PIC 18F4550\tv_00_define_18f4550.c" Line 109(6,15): Expecting a (
*** Error 48 "E:\CCS VXL\THUC TAP VXL_SP\VXL_VIP_PRO\THU VIEN PIC 18F4550\tv_00_define_18f4550.c" Line 109(26,30): Expecting a (
--- Info 300 "E:\CCS VXL\THUC TAP VXL_SP\VXL_VIP_PRO\THU VIEN PIC 18F4550\tv_00_define_18f4550.c" Line 112(2,5): More info:   First Declaration of pwrkey
*** Error 31 "E:\CCS VXL\THUC TAP VXL_SP\VXL_VIP_PRO\THU VIEN PIC 18F4550\tv_00_define_18f4550.c" Line 112(2,5): Identifier is already used in this scope
*** Error 48 "E:\CCS VXL\THUC TAP VXL_SP\VXL_VIP_PRO\THU VIEN PIC 18F4550\tv_00_define_18f4550.c" Line 112(6,12): Expecting a (
*** Error 48 "E:\CCS VXL\THUC TAP VXL_SP\VXL_VIP_PRO\THU VIEN PIC 18F4550\tv_00_define_18f4550.c" Line 112(26,30): Expecting a (
--- Info 300 "E:\CCS VXL\THUC TAP VXL_SP\VXL_VIP_PRO\THU VIEN PIC 18F4550\tv_00_define_18f4550.c" Line 114(2,5): More info:   First Declaration of triac_1
*** Error 31 "E:\CCS VXL\THUC TAP VXL_SP\VXL_VIP_PRO\THU VIEN PIC 18F4550\tv_00_define_18f4550.c" Line 114(2,5): Identifier is already used in this scope
*** Error 48 "E:\CCS VXL\THUC TAP VXL_SP\VXL_VIP_PRO\THU VIEN PIC 18F4550\tv_00_define_18f4550.c" Line 114(6,13): Expecting a (
*** Error 48 "E:\CCS VXL\THUC TAP VXL_SP\VXL_VIP_PRO\THU VIEN PIC 18F4550\tv_00_define_18f4550.c" Line 114(26,30): Expecting a (
--- Info 300 "E:\CCS VXL\THUC TAP VXL_SP\VXL_VIP_PRO\THU VIEN PIC 18F4550\tv_00_define_18f4550.c" Line 116(2,5): More info:   First Declaration of relay_1
*** Error 31 "E:\CCS VXL\THUC TAP VXL_SP\VXL_VIP_PRO\THU VIEN PIC 18F4550\tv_00_define_18f4550.c" Line 116(2,5): Identifier is already used in this scope
*** Error 48 "E:\CCS VXL\THUC TAP VXL_SP\VXL_VIP_PRO\THU VIEN PIC 18F4550\tv_00_define_18f4550.c" Line 116(6,13): Expecting a (
*** Error 48 "E:\CCS VXL\THUC TAP VXL_SP\VXL_VIP_PRO\THU VIEN PIC 18F4550\tv_00_define_18f4550.c" Line 116(26,30): Expecting a (
--- Info 300 "E:\CCS VXL\THUC TAP VXL_SP\VXL_VIP_PRO\THU VIEN PIC 18F4550\tv_00_define_18f4550.c" Line 121(21,28): More info:   First Declaration of ma7doan
*** Error 31 "E:\CCS VXL\THUC TAP VXL_SP\VXL_VIP_PRO\THU VIEN PIC 18F4550\tv_00_define_18f4550.c" Line 121(21,28): Identifier is already used in this scope
*** Error 43 "E:\CCS VXL\THUC TAP VXL_SP\VXL_VIP_PRO\THU VIEN PIC 18F4550\tv_00_define_18f4550.c" Line 121(29,31): Expecting a declaration
*** Error 43 "E:\CCS VXL\THUC TAP VXL_SP\VXL_VIP_PRO\THU VIEN PIC 18F4550\tv_00_define_18f4550.c" Line 121(31,32): Expecting a declaration
*** Error 43 "E:\CCS VXL\THUC TAP VXL_SP\VXL_VIP_PRO\THU VIEN PIC 18F4550\tv_00_define_18f4550.c" Line 121(32,33): Expecting a declaration
*** Error 43 "E:\CCS VXL\THUC TAP VXL_SP\VXL_VIP_PRO\THU VIEN PIC 18F4550\tv_00_define_18f4550.c" Line 121(34,35): Expecting a declaration
*** Error 43 "E:\CCS VXL\THUC TAP VXL_SP\VXL_VIP_PRO\THU VIEN PIC 18F4550\tv_00_define_18f4550.c" Line 122(4,8): Expecting a declaration
*** Error 43 "E:\CCS VXL\THUC TAP VXL_SP\VXL_VIP_PRO\THU VIEN PIC 18F4550\tv_00_define_18f4550.c" Line 122(8,9): Expecting a declaration
*** Error 43 "E:\CCS VXL\THUC TAP VXL_SP\VXL_VIP_PRO\THU VIEN PIC 18F4550\tv_00_define_18f4550.c" Line 122(9,13): Expecting a declaration
*** Error 43 "E:\CCS VXL\THUC TAP VXL_SP\VXL_VIP_PRO\THU VIEN PIC 18F4550\tv_00_define_18f4550.c" Line 122(13,14): Expecting a declaration
*** Error 43 "E:\CCS VXL\THUC TAP VXL_SP\VXL_VIP_PRO\THU VIEN PIC 18F4550\tv_00_define_18f4550.c" Line 122(14,18): Expecting a declaration
*** Error 43 "E:\CCS VXL\THUC TAP VXL_SP\VXL_VIP_PRO\THU VIEN PIC 18F4550\tv_00_define_18f4550.c" Line 122(18,19): Expecting a declaration
*** Error 43 "E:\CCS VXL\THUC TAP VXL_SP\VXL_VIP_PRO\THU VIEN PIC 18F4550\tv_00_define_18f4550.c" Line 122(19,23): Expecting a declaration
*** Error 43 "E:\CCS VXL\THUC TAP VXL_SP\VXL_VIP_PRO\THU VIEN PIC 18F4550\tv_00_define_18f4550.c" Line 122(23,24): Expecting a declaration
*** Error 43 "E:\CCS VXL\THUC TAP VXL_SP\VXL_VIP_PRO\THU VIEN PIC 18F4550\tv_00_define_18f4550.c" Line 122(24,28): Expecting a declaration
*** Error 43 "E:\CCS VXL\THUC TAP VXL_SP\VXL_VIP_PRO\THU VIEN PIC 18F4550\tv_00_define_18f4550.c" Line 122(28,29): Expecting a declaration
*** Error 43 "E:\CCS VXL\THUC TAP VXL_SP\VXL_VIP_PRO\THU VIEN PIC 18F4550\tv_00_define_18f4550.c" Line 122(29,33): Expecting a declaration
*** Error 43 "E:\CCS VXL\THUC TAP VXL_SP\VXL_VIP_PRO\THU VIEN PIC 18F4550\tv_00_define_18f4550.c" Line 122(33,34): Expecting a declaration
*** Error 43 "E:\CCS VXL\THUC TAP VXL_SP\VXL_VIP_PRO\THU VIEN PIC 18F4550\tv_00_define_18f4550.c" Line 122(34,38): Expecting a declaration
*** Error 43 "E:\CCS VXL\THUC TAP VXL_SP\VXL_VIP_PRO\THU VIEN PIC 18F4550\tv_00_define_18f4550.c" Line 122(38,39): Expecting a declaration
*** Error 43 "E:\CCS VXL\THUC TAP VXL_SP\VXL_VIP_PRO\THU VIEN PIC 18F4550\tv_00_define_18f4550.c" Line 122(39,43): Expecting a declaration
*** Error 43 "E:\CCS VXL\THUC TAP VXL_SP\VXL_VIP_PRO\THU VIEN PIC 18F4550\tv_00_define_18f4550.c" Line 122(43,44): Expecting a declaration
*** Error 43 "E:\CCS VXL\THUC TAP VXL_SP\VXL_VIP_PRO\THU VIEN PIC 18F4550\tv_00_define_18f4550.c" Line 123(4,8): Expecting a declaration
*** Error 43 "E:\CCS VXL\THUC TAP VXL_SP\VXL_VIP_PRO\THU VIEN PIC 18F4550\tv_00_define_18f4550.c" Line 123(8,9): Expecting a declaration
*** Error 43 "E:\CCS VXL\THUC TAP VXL_SP\VXL_VIP_PRO\THU VIEN PIC 18F4550\tv_00_define_18f4550.c" Line 123(9,13): Expecting a declaration
*** Error 43 "E:\CCS VXL\THUC TAP VXL_SP\VXL_VIP_PRO\THU VIEN PIC 18F4550\tv_00_define_18f4550.c" Line 123(13,14): Expecting a declaration
*** Error 43 "E:\CCS VXL\THUC TAP VXL_SP\VXL_VIP_PRO\THU VIEN PIC 18F4550\tv_00_define_18f4550.c" Line 123(14,18): Expecting a declaration
*** Error 43 "E:\CCS VXL\THUC TAP VXL_SP\VXL_VIP_PRO\THU VIEN PIC 18F4550\tv_00_define_18f4550.c" Line 123(18,19): Expecting a declaration
*** Error 43 "E:\CCS VXL\THUC TAP VXL_SP\VXL_VIP_PRO\THU VIEN PIC 18F4550\tv_00_define_18f4550.c" Line 123(19,23): Expecting a declaration
*** Error 43 "E:\CCS VXL\THUC TAP VXL_SP\VXL_VIP_PRO\THU VIEN PIC 18F4550\tv_00_define_18f4550.c" Line 123(23,24): Expecting a declaration
*** Error 43 "E:\CCS VXL\THUC TAP VXL_SP\VXL_VIP_PRO\THU VIEN PIC 18F4550\tv_00_define_18f4550.c" Line 123(24,28): Expecting a declaration
*** Error 43 "E:\CCS VXL\THUC TAP VXL_SP\VXL_VIP_PRO\THU VIEN PIC 18F4550\tv_00_define_18f4550.c" Line 123(28,29): Expecting a declaration
*** Error 43 "E:\CCS VXL\THUC TAP VXL_SP\VXL_VIP_PRO\THU VIEN PIC 18F4550\tv_00_define_18f4550.c" Line 123(29,33): Expecting a declaration
*** Error 43 "E:\CCS VXL\THUC TAP VXL_SP\VXL_VIP_PRO\THU VIEN PIC 18F4550\tv_00_define_18f4550.c" Line 123(33,34): Expecting a declaration
*** Error 43 "E:\CCS VXL\THUC TAP VXL_SP\VXL_VIP_PRO\THU VIEN PIC 18F4550\tv_00_define_18f4550.c" Line 123(34,38): Expecting a declaration
*** Error 43 "E:\CCS VXL\THUC TAP VXL_SP\VXL_VIP_PRO\THU VIEN PIC 18F4550\tv_00_define_18f4550.c" Line 123(38,39): Expecting a declaration
*** Error 43 "E:\CCS VXL\THUC TAP VXL_SP\VXL_VIP_PRO\THU VIEN PIC 18F4550\tv_00_define_18f4550.c" Line 123(39,43): Expecting a declaration
*** Error 43 "E:\CCS VXL\THUC TAP VXL_SP\VXL_VIP_PRO\THU VIEN PIC 18F4550\tv_00_define_18f4550.c" Line 123(43,44): Expecting a declaration
*** Error 43 "E:\CCS VXL\THUC TAP VXL_SP\VXL_VIP_PRO\THU VIEN PIC 18F4550\tv_00_define_18f4550.c" Line 123(44,45): Expecting a declaration
--- Info 300 "E:\CCS VXL\THUC TAP VXL_SP\VXL_VIP_PRO\THU VIEN PIC 18F4550\tv_00_define_18f4550.c" Line 129(6,16): More info:   First Declaration of xuat_1byte
*** Error 31 "E:\CCS VXL\THUC TAP VXL_SP\VXL_VIP_PRO\THU VIEN PIC 18F4550\tv_00_define_18f4550.c" Line 129(32,33): Identifier is already used in this scope
*** Error 12 "E:\CCS VXL\THUC TAP VXL_SP\VXL_VIP_PRO\THU VIEN PIC 18F4550\tv_00_define_18f4550.c" Line 132(17,19): Undefined identifier
*** Error 43 "E:\CCS VXL\THUC TAP VXL_SP\VXL_VIP_PRO\THU VIEN PIC 18F4550\tv_00_define_18f4550.c" Line 133(4,7): Expecting a declaration
*** Error 43 "E:\CCS VXL\THUC TAP VXL_SP\VXL_VIP_PRO\THU VIEN PIC 18F4550\tv_00_define_18f4550.c" Line 133(8,9): Expecting a declaration
*** Error 48 "E:\CCS VXL\THUC TAP VXL_SP\VXL_VIP_PRO\THU VIEN PIC 18F4550\tv_00_define_18f4550.c" Line 133(9,11): Expecting a (
*** Error 43 "E:\CCS VXL\THUC TAP VXL_SP\VXL_VIP_PRO\THU VIEN PIC 18F4550\tv_00_define_18f4550.c" Line 133(12,13): Expecting a declaration
*** Error 43 "E:\CCS VXL\THUC TAP VXL_SP\VXL_VIP_PRO\THU VIEN PIC 18F4550\tv_00_define_18f4550.c" Line 133(13,14): Expecting a declaration
*** Error 48 "E:\CCS VXL\THUC TAP VXL_SP\VXL_VIP_PRO\THU VIEN PIC 18F4550\tv_00_define_18f4550.c" Line 133(14,16): Expecting a (
*** Error 43 "E:\CCS VXL\THUC TAP VXL_SP\VXL_VIP_PRO\THU VIEN PIC 18F4550\tv_00_define_18f4550.c" Line 133(17,18): Expecting a declaration
*** Error 43 "E:\CCS VXL\THUC TAP VXL_SP\VXL_VIP_PRO\THU VIEN PIC 18F4550\tv_00_define_18f4550.c" Line 133(18,19): Expecting a declaration
*** Error 48 "E:\CCS VXL\THUC TAP VXL_SP\VXL_VIP_PRO\THU VIEN PIC 18F4550\tv_00_define_18f4550.c" Line 133(19,21): Expecting a (
*** Error 43 "E:\CCS VXL\THUC TAP VXL_SP\VXL_VIP_PRO\THU VIEN PIC 18F4550\tv_00_define_18f4550.c" Line 133(23,24): Expecting a declaration
*** Error 43 "E:\CCS VXL\THUC TAP VXL_SP\VXL_VIP_PRO\THU VIEN PIC 18F4550\tv_00_define_18f4550.c" Line 134(4,5): Expecting a declaration
*** Error 28 "E:\CCS VXL\THUC TAP VXL_SP\VXL_VIP_PRO\THU VIEN PIC 18F4550\tv_00_define_18f4550.c" Line 135(18,23): Expecting an identifier
*** Error 48 "E:\CCS VXL\THUC TAP VXL_SP\VXL_VIP_PRO\THU VIEN PIC 18F4550\tv_00_define_18f4550.c" Line 135(23,26): Expecting a (
*** Error 43 "E:\CCS VXL\THUC TAP VXL_SP\VXL_VIP_PRO\THU VIEN PIC 18F4550\tv_00_define_18f4550.c" Line 135(27,28): Expecting a declaration
*** Error 28 "E:\CCS VXL\THUC TAP VXL_SP\VXL_VIP_PRO\THU VIEN PIC 18F4550\tv_00_define_18f4550.c" Line 136(18,23): Expecting an identifier
*** Error 43 "E:\CCS VXL\THUC TAP VXL_SP\VXL_VIP_PRO\THU VIEN PIC 18F4550\tv_00_define_18f4550.c" Line 136(23,24): Expecting a declaration
*** Error 28 "E:\CCS VXL\THUC TAP VXL_SP\VXL_VIP_PRO\THU VIEN PIC 18F4550\tv_00_define_18f4550.c" Line 136(37,42): Expecting an identifier
*** Error 43 "E:\CCS VXL\THUC TAP VXL_SP\VXL_VIP_PRO\THU VIEN PIC 18F4550\tv_00_define_18f4550.c" Line 136(42,43): Expecting a declaration
*** Error 48 "E:\CCS VXL\THUC TAP VXL_SP\VXL_VIP_PRO\THU VIEN PIC 18F4550\tv_00_define_18f4550.c" Line 137(7,8): Expecting a (
*** Error 48 "E:\CCS VXL\THUC TAP VXL_SP\VXL_VIP_PRO\THU VIEN PIC 18F4550\tv_00_define_18f4550.c" Line 137(10,11): Expecting a (
*** Error 43 "E:\CCS VXL\THUC TAP VXL_SP\VXL_VIP_PRO\THU VIEN PIC 18F4550\tv_00_define_18f4550.c" Line 137(13,14): Expecting a declaration
*** Error 43 "E:\CCS VXL\THUC TAP VXL_SP\VXL_VIP_PRO\THU VIEN PIC 18F4550\tv_00_define_18f4550.c" Line 137(14,15): Expecting a declaration
*** Error 43 "E:\CCS VXL\THUC TAP VXL_SP\VXL_VIP_PRO\THU VIEN PIC 18F4550\tv_00_define_18f4550.c" Line 138(4,5): Expecting a declaration
*** Error 43 "E:\CCS VXL\THUC TAP VXL_SP\VXL_VIP_PRO\THU VIEN PIC 18F4550\tv_00_define_18f4550.c" Line 139(1,2): Expecting a declaration
--- Info 300 "E:\CCS VXL\THUC TAP VXL_SP\VXL_VIP_PRO\THU VIEN PIC 18F4550\tv_00_define_18f4550.c" Line 143(6,16): More info:   First Declaration of xuat_1word
*** Error 31 "E:\CCS VXL\THUC TAP VXL_SP\VXL_VIP_PRO\THU VIEN PIC 18F4550\tv_00_define_18f4550.c" Line 143(33,34): Identifier is already used in this scope
*** Error 48 "E:\CCS VXL\THUC TAP VXL_SP\VXL_VIP_PRO\THU VIEN PIC 18F4550\tv_00_define_18f4550.c" Line 146(4,6): Expecting a (
*** Error 48 "E:\CCS VXL\THUC TAP VXL_SP\VXL_VIP_PRO\THU VIEN PIC 18F4550\tv_00_define_18f4550.c" Line 146(9,10): Expecting a (
*** Error 43 "E:\CCS VXL\THUC TAP VXL_SP\VXL_VIP_PRO\THU VIEN PIC 18F4550\tv_00_define_18f4550.c" Line 146(12,13): Expecting a declaration
*** Error 43 "E:\CCS VXL\THUC TAP VXL_SP\VXL_VIP_PRO\THU VIEN PIC 18F4550\tv_00_define_18f4550.c" Line 146(13,14): Expecting a declaration
*** Error 48 "E:\CCS VXL\THUC TAP VXL_SP\VXL_VIP_PRO\THU VIEN PIC 18F4550\tv_00_define_18f4550.c" Line 146(15,17): Expecting a (
*** Error 48 "E:\CCS VXL\THUC TAP VXL_SP\VXL_VIP_PRO\THU VIEN PIC 18F4550\tv_00_define_18f4550.c" Line 146(20,21): Expecting a (
*** Error 43 "E:\CCS VXL\THUC TAP VXL_SP\VXL_VIP_PRO\THU VIEN PIC 18F4550\tv_00_define_18f4550.c" Line 149(1,2): Expecting a declaration
--- Info 300 "E:\CCS VXL\THUC TAP VXL_SP\VXL_VIP_PRO\THU VIEN PIC 18F4550\tv_00_define_18f4550.c" Line 154(6,21): More info:   First Declaration of xoa_tat_6module
*** Error 31 "E:\CCS VXL\THUC TAP VXL_SP\VXL_VIP_PRO\THU VIEN PIC 18F4550\tv_00_define_18f4550.c" Line 154(22,23): Identifier is already used in this scope
*** Error 28 "E:\CCS VXL\THUC TAP VXL_SP\VXL_VIP_PRO\THU VIEN PIC 18F4550\tv_00_define_18f4550.c" Line 156(15,16): Expecting an identifier
      100 Errors,  0 Warnings.
Build Failed.
