
ROM used:   1464/32768 (4%)
            1464/32768 (4%) including unused fragments

            0.3 Average locations per line
            1.2 Average locations per statement

RAM used:   85/2048 (4%) at main() level
            107/2048 (5%) worst case

Stack used: 5 worst case (5 in main + 0 for interrupts)
Stack size: 31

Lines Stmts  %   Files
----- ----- ---  -----
   46    27   2  c3_vd_for_if_2.c
   24     0   0  tv_kit_vdk_pic_all.c
  212    46   4  tv_00_define_18f4550.c
  837     0   0  C:\Program Files (x86)\PICC\Devices\18f4550.h
  209    88   7  tv_01_4_nutnhan.c
   94    64   5  tv_02_matran_phim4x4_138.c
 2229   257  21  C:\Program Files (x86)\PICC\Drivers\math.h
   41    15   1  tv_03_32led_don.c
  105    47   4  tv_04_4led_7doan.c
  112    48   4  tv_05_8led_7doan_quet.c
  137    45   4  tv_05_i2c_ds13_pcf.c
   42    12   1  tv_06_lcd_glcd.c
  435   206  17  tv_06_lcd.c
   76    35   3  tv_dht11.c
  123    37   3  tv_08_relay_triac_buzzer_dc.c
  419    72   6  tv_07_adc_cb.c
  106    48   4  tv_07_ds18b20.c
  230    54   4  C:\Program Files (x86)\PICC\Drivers\touch.c
   66    27   2  tv_07_i2c_at24cxx.c
   64    29   2  tv_08_step_motor.c
   82    33   3  tv_08_dc_motor.c
   60    20   2  tv_09_matran_led_mbi.c
----- -----
 5749  1210 Total

Page ROM  %  RAM   Vol Diff  Functions:
---- --- --- ---   --- ----  ----------
0     38   1    1             @delay_ms1
0     32   1    0             @const667
0     38   1    2   239  4.3  xuat_1byte
0     22   1    4   131  2.8  xuat_1word
0     88   3    0   396  1.4  xoa_tat_6module
0     58   2    0   253  2.3  set_up_port
0     72   2    4   247  3.0  phim_bt0_c1
0     72   2    4   243  3.3  phim_bt1_c1
0     72   2    4   240  3.5  phim_bt2_c1
0     36   1    4   160  1.8  xuat_32led_don_4byte
0     38   1    8   245  3.1  xuat_32led_don_2word
0     38   1    9   120  2.8  xuat_32led_don_1dw
0     36   1    0   152  1.8  xuat_4led_7doan_4so
0    314  11    9   531  5.4  md4l7d_giaima_3so_vitri_vn
0     66   2    5             @DIV1616
0      2   0    0             @const1097
0      2   0    0             @const1103
0      2   0    0             @const1108
0     10   0    0             @const1118
0     22   1    0             @const1120
0     12   0    0             @const1184
0     12   0    0    32  1.0  dc_motor_quay_thuan
0     12   0    0    32  1.0  dc_motor_quay_nghich
0     10   0    0    32  1.0  dc_motor_stop
0     20   1    0    69  2.1  dc_motor_run
0    102   3    1   341  3.7  xulynutnhan
0     30   1    0    69  1.9  hienthi
0    204   7    0   102  1.6  MAIN
 Inline         0             @cinit1

Program metrics:
    Functions               19
    Statements              1210
    Comments                1400
    Volume (V)              6655
    Difficulty (D)          47.8
    Effort to implement (E) 318324
    Time to implement (T)   4 hours, 55 minutes
    Est Delivered Bugs (B)  2
    Cyclomatic Complexity   18
    Maintainability (MI)    106

 Segment     Used  Free
-----------  ----  ----
00000-00002     4  0  
00004-07FFE  1460  31304  



