
ROM used:   992/32768 (3%)
            992/32768 (3%) including unused fragments

            0.2 Average locations per line
            0.8 Average locations per statement

RAM used:   57/2048 (3%) at main() level
            76/2048 (4%) worst case

Stack used: 4 worst case (4 in main + 0 for interrupts)
Stack size: 31

Lines Stmts  %   Files
----- ----- ---  -----
   60    34   3  dc_motor.c
   24     0   0  tv_kit_vdk_pic_all.c
  212    46   4  tv_00_define_18f4550.c
  837     0   0  C:\Program Files (x86)\PICC\Devices\18f4550.h
  209    88   7  tv_01_4_nutnhan.c
   98    63   5  tv_02_matran_phim4x4_138.c
 2229   257  22  C:\Program Files (x86)\PICC\Drivers\math.h
   41    15   1  tv_03_32led_don.c
  105    47   4  tv_04_4led_7doan.c
  112    48   4  tv_05_8led_7doan_quet.c
  137    45   4  tv_05_i2c_ds13_pcf.c
   42    12   1  tv_06_lcd_glcd.c
  435   206  17  tv_06_lcd.c
   76    35   3  tv_dht11.c
  123    37   3  tv_08_relay_triac_buzzer_dc.c
  419    72   6  tv_07_adc_cb.c
   90    39   3  tv_07_ds18b20.c
  230    54   5  C:\Program Files (x86)\PICC\Drivers\touch.c
   66    27   2  tv_07_i2c_at24cxx.c
   60    20   2  tv_09_matran_led_mbi.c
   82    33   3  tv_08_dc_motor.c
----- -----
 5687  1178 Total

Page ROM  %  RAM   Vol Diff  Functions:
---- --- --- ---   --- ----  ----------
0     26   1    1             @delay_us1
0     38   2    2   239  4.3  xuat_1byte
0     22   1    4   131  2.8  xuat_1word
0     88   4    0   396  1.4  xoa_tat_6module
0     58   3    0   253  2.3  set_up_port
0     68   3    3   198  3.6  phim_bt0_c2
0     68   3    3   192  4.2  phim_bt2_c2
0      2   0    0             @const1100
0      2   0    0             @const1106
0      2   0    0   485  6.6  @const1111
0     10   1    0             @const1121
0     22   1    0    29  1.2  @const1123
0     32   2    2   158  2.7  xuat_buzzer_relay
0     12   1    0   260  2.9  @const1182
0      8   0    0    29  1.2  dc_motor_enable
0     24   1    0    48  1.1  dc_motor_ktao_ccp1_thuan
0     20   1    0    48  1.1  dc_motor_ktao_ccp2_nghich
0     12   1    0    38  1.9  dc_motor_ktao_ccpx
0     84   4    0    48  2.1  dc_motor_set_pwmx_duty
0     18   1    0    78  1.5  dc_motor_pwm_ccp1_ccp2_stop
0     52   3    0   138  3.4  quay_thuan_tang_toc
0     30   2    5  1070  6.8  @MUL1616
0     52   3    0   138  3.4  dong_co_giam_toc
0     18   1    0    76  1.9  motor_dc_stop
0    220  11    1   263  4.1  MAIN
 Inline         0  1070  6.8  @cinit1

Program metrics:
    Functions               22
    Statements              1178
    Comments                1395
    Volume (V)              9427
    Difficulty (D)          69.6
    Effort to implement (E) 656316
    Time to implement (T)   10 hours, 8 minutes
    Est Delivered Bugs (B)  3
    Cyclomatic Complexity   20
    Maintainability (MI)    63

 Segment     Used  Free
-----------  ----  ----
00000-00002     4  0  
00004-07FFE   988  31776  



