
ROM used:   1702/32768 (5%)
            1702/32768 (5%) including unused fragments

            0.3 Average locations per line
            1.4 Average locations per statement

RAM used:   59/2048 (3%) at main() level
            78/2048 (4%) worst case

Stack used: 9 worst case (9 in main + 0 for interrupts)
Stack size: 31

Lines Stmts  %   Files
----- ----- ---  -----
  109    68   6  dem_sp_ud_mtp.c
   24     0   0  tv_kit_vdk_pic_all.c
  212    46   4  tv_00_define_18f4550.c
  837     0   0  C:\Program Files (x86)\PICC\Devices\18f4550.h
  209    88   7  tv_01_4_nutnhan.c
   98    63   5  tv_02_matran_phim4x4_138.c
 2229   257  22  C:\Program Files (x86)\PICC\Drivers\math.h
   41    15   1  tv_03_32led_don.c
  105    47   4  tv_04_4led_7doan.c
  112    48   4  tv_05_8led_7doan_quet.c
  137    45   4  tv_05_i2c_ds13_pcf.c
   42    12   1  tv_06_lcd_glcd.c
  435   206  17  tv_06_lcd.c
   76    35   3  tv_dht11.c
  123    37   3  tv_08_relay_triac_buzzer_dc.c
  419    72   6  tv_07_adc_cb.c
   90    39   3  tv_07_ds18b20.c
  230    54   5  C:\Program Files (x86)\PICC\Drivers\touch.c
   66    27   2  tv_07_i2c_at24cxx.c
   60    20   2  tv_09_matran_led_mbi.c
----- -----
 5654  1179 Total

Page ROM  %  RAM   Vol Diff  Functions:
---- --- --- ---   --- ----  ----------
0     38   1    1             @delay_ms1
0     38   1    2   239  4.3  xuat_1byte
0     22   1    4   131  2.8  xuat_1word
0     88   3    0   396  1.4  xoa_tat_6module
0     58   2    0   253  2.3  set_up_port
0     20   1    0             @const704
0    112   3    4   627  8.1  key_nhan
0     50   1    2   245  5.0  key_4x4_dw
0     40   1    3             @DIV88
0     36   1    0   152  1.8  xuat_glcd_lcd
0     16   0    2   104  3.0  xuat_lcd
0     38   1    1   123  2.2  lcd_xuat
0     10   0    1    43  1.5  lcd_command
0     10   0    1    43  1.5  lcd_data
0     72   2    0   297  2.3  lcd_setup
0     20   1    0             @const986
0     26   1    3   145  3.9  lcd_goto_xy
0     76   2    0             @const992
0     80   2    0             @const996
0     44   1    2   127  3.5  lcd_khoi_tao_cgram_so_to
0     92   3    6   280  5.8  lcd_hien_thi_so_to
0     76   2    2             @MUL88
0     50   1    4   241  5.3  lcd_xoa_so_to
0      2   0    0             @const1100
0     34   1    2             @PSTRINGC_977
0      2   0    0             @const1106
0      2   0    0             @const1111
0     10   0    0             @const1121
0     22   1    0             @const1123
0     12   0    0             @const1182
0     20   1    1    74  3.1  tinh_tt_dem
0    170   5    1   560  4.7  hienthi_lcd_counter
0      2   0    0             @const1233
0     30   1    0   130  3.0  dem_xung_ngoai_t0
0    280   8    1   864  5.8  MAIN
 Inline         0             @cinit1

Program metrics:
    Functions               20
    Statements              1179
    Comments                1396
    Volume (V)              9044
    Difficulty (D)          69.7
    Effort to implement (E) 630274
    Time to implement (T)   9 hours, 44 minutes
    Est Delivered Bugs (B)  2
    Cyclomatic Complexity   28
    Maintainability (MI)    91

 Segment     Used  Free
-----------  ----  ----
00000-00002     4  0  
00004-07FFE  1698  31066  



