
ROM used:   3088/32768 (9%)
            3088/32768 (9%) including unused fragments

            0.5 Average locations per line
            2.0 Average locations per statement

RAM used:   1119/2048 (55%) at main() level
            1138/2048 (56%) worst case

Stack used: 9 worst case (9 in main + 0 for interrupts)
Stack size: 31

Lines Stmts  %   Files
----- ----- ---  -----
  166    84   5  desangCN.c
   24     0   0  tv_kit_vdk_pic_all.c
  212    46   3  tv_00_define_18f4550.c
  837     0   0  C:\Program Files (x86)\PICC\Devices\18f4550.h
  209    88   6  tv_01_4_nutnhan.c
   94    64   4  tv_02_matran_phim4x4_138.c
 2229   257  17  C:\Program Files (x86)\PICC\Drivers\math.h
   41    15   1  tv_03_32led_don.c
  105    47   3  tv_04_4led_7doan.c
  112    48   3  tv_05_8led_7doan_quet.c
  137    45   3  tv_05_i2c_ds13_pcf.c
   42    12   1  tv_06_lcd_glcd.c
  435   206  13  tv_06_lcd.c
   76    35   2  tv_dht11.c
  123    37   2  tv_08_relay_triac_buzzer_dc.c
  419    72   5  tv_07_adc_cb.c
  106    48   3  tv_07_ds18b20.c
  230    54   4  C:\Program Files (x86)\PICC\Drivers\touch.c
   66    27   2  tv_07_i2c_at24cxx.c
   64    29   2  tv_08_step_motor.c
   82    33   2  tv_08_dc_motor.c
   60    20   1  tv_09_matran_led_mbi.c
  396   100   7  tv_06_glcd.c
  540   163  11  C:\Program Files (x86)\PICC\Drivers\graphics.c
----- -----
 6805  1530 Total

Page ROM  %  RAM   Vol Diff  Functions:
---- --- --- ---   --- ----  ----------
0     40   1    1             @delay_ms1
0     32   1    1             @delay_us1
0     32   1    0             @const667
0     42   1    2   239  4.3  xuat_1byte
0     22   0    4   131  2.8  xuat_1word
0    112   2    0   396  1.4  xoa_tat_6module
0     58   1    0   253  2.3  set_up_port
0    120   2    4   699  8.1  key_nhan
0     68   1    2   245  5.0  key_4x4_dw
0     44   1    4   160  1.8  xuat_32led_don_4byte
0     38   1    8   245  3.1  xuat_32led_don_2word
0     44   1    0   152  1.8  xuat_4led_7doan_4so
0    164   3    6   305  5.1  md4l7d_giaima_2so_vitri_vn
0     44   1    3             @DIV88
0     36   1    0   152  1.8  xuat_glcd_lcd
0     20   0    2   104  3.0  xuat_lcd
0     38   1    1   123  2.2  lcd_xuat
0     10   0    1    43  1.5  lcd_command
0     10   0    1    43  1.5  lcd_data
0     92   1    0   297  2.3  lcd_setup
0     20   0    0             @const983
0     34   1    3   145  3.9  lcd_goto_xy
0     76   1    0             @const989
0     80   1    0             @const993
0     60   1    2   127  3.5  lcd_khoi_tao_cgram_so_to
0    112   2    6   280  5.8  lcd_hien_thi_so_to
0     80   1    2             @MUL88
0     62   1    4   241  5.3  lcd_xoa_so_to
0      2   0    0             @const1097
0     32   1    2             @PSTRINGC_974
0      2   0    0             @const1103
0      2   0    0             @const1108
0     10   0    0             @const1118
0     22   0    0             @const1120
0     64   1    1   176  2.3  touch_read_bit
0     42   1    2   149  4.3  touch_read_byte
0    116   2    1   450  3.3  touch_write_bit
0     54   1    3   185  5.6  touch_write_byte
0     90   1    2   260  3.2  touch_present
0     24   0    0    43  1.3  ds18b20_no_ds18b
0     12   0    0             @const1184
0     78   1    4   260  2.9  ds18b20_read_temp
0     48   1    0   223  3.6  kt_mp_ud
0     26   0    1    88  3.2  tinh_tt_dem
0    212   3    1   504  4.7  hienthi_lcd_counter
0      2   0    0   438  5.6  @const1412
0     38   1    0   130  3.0  dem_xung_ngoai_t0
0    236   4    1   605  5.2  ds18b20_a_ht_lcd
0      6   0    0   480  2.4  @const1415
0      6   0    0             @const1416
0      6   0    0   498  3.3  @const1417
0     54   1    0   102  2.8  ds18b20_a_doc_xuly_hthi
0    310   5    1   429  4.7  MAIN
 Inline         0   171  4.0  @cinit1

Program metrics:
    Functions               38
    Statements              1530
    Comments                1818
    Volume (V)              19000
    Difficulty (D)          131.4
    Effort to implement (E) 2495936
    Time to implement (T)   38 hours, 31 minutes
    Est Delivered Bugs (B)  6
    Cyclomatic Complexity   40
    Maintainability (MI)    31

 Segment     Used  Free
-----------  ----  ----
00000-00002     4  0  
00004-07FFE  3084  29680  



