
ROM used:   217/8192 (3%)
            217/8192 (3%) including unused fragments

            0.3 Average locations per line
            8.7 Average locations per statement

RAM used:   13/368 (4%) at main() level
            23/368 (6%) worst case

Stack used: 2 worst case (2 in main + 0 for interrupts)
Stack size: 8

Lines Stmts  %   Files
----- ----- ---  -----
   58    25 100  MATRIX_SPKT.c
  768     0   0  C:\Program Files (x86)\PICC\Devices\16F887.H
----- -----
  826    25 Total

Page ROM  %  RAM   Vol Diff  Functions:
---- --- --- ---   --- ----  ----------
0     22  10    1             @delay_ms1
0     36  17    0             @const620
0     24  11    2   234  4.3  XUAT_1BYTE
0     41  19    9   160  1.8  QUETCOT
0     90  41    1   338  4.7  MAIN
 Inline         0             @cinit1

Program metrics:
    Functions               3
    Statements              25
    Comments                130
    Volume (V)              963
    Difficulty (D)          10.3
    Effort to implement (E) 9928
    Time to implement (T)   9 minutes
    Est Delivered Bugs (B)  0
    Cyclomatic Complexity   3
    Maintainability (MI)    71

 Segment     Used  Free
-----------  ----  ----
00000-00003     4  0  
00004-007FF   213  1831  
00800-00FFF     0  2048  
01000-017FF     0  2048  
01800-01FFF     0  2048  



