
ROM used:   12546/32768 (38%)
            12546/32768 (38%) including unused fragments

            1.8 Average locations per line
            7.6 Average locations per statement

RAM used:   1155/2048 (56%) at main() level
            1235/2048 (60%) worst case

Stack used: 9 worst case (9 in main + 0 for interrupts)
Stack size: 31

Lines Stmts  %   Files
----- ----- ---  -----
  294   173  11  NguyenDucManh.c
   24     0   0  tv_kit_vdk_pic_all.c
  212    46   3  tv_00_define_18f4550.c
  837     0   0  C:\Program Files (x86)\PICC\Devices\18f4550.h
  209    88   5  tv_01_4_nutnhan.c
   98    63   4  tv_02_matran_phim4x4_138.c
 2229   257  16  C:\Program Files (x86)\PICC\Drivers\math.h
   41    15   1  tv_03_32led_don.c
  105    47   3  tv_04_4led_7doan.c
  112    48   3  tv_05_8led_7doan_quet.c
  137    45   3  tv_05_i2c_ds13_pcf.c
   42    12   1  tv_06_lcd_glcd.c
  435   206  13  tv_06_lcd.c
   76    35   2  tv_dht11.c
  123    37   2  tv_08_relay_triac_buzzer_dc.c
  419    72   4  tv_07_adc_cb.c
   90    39   2  tv_07_ds18b20.c
  230    54   3  C:\Program Files (x86)\PICC\Drivers\touch.c
   66    27   2  tv_07_i2c_at24cxx.c
   60    20   1  tv_09_matran_led_mbi.c
  396   100   6  tv_06_glcd.c
  540   163  10  C:\Program Files (x86)\PICC\Drivers\graphics.c
  126    66   4  bai_633_glcd_kim_gio_phut_giay_tv.c
   82    33   2  tv_08_dc_motor.c
----- -----
 6983  1646 Total

Page ROM  %  RAM   Vol Diff  Functions:
---- --- --- ---   --- ----  ----------
0     40   0    1             @delay_ms1
0    106   0    3             @I2C_READ_1
0    118   0    1             @I2C_WRITE_1
0     32   0    0             @const667
0     42   0    2   239  4.3  xuat_1byte
0     22   0    4   131  2.8  xuat_1word
0    112   0    0   396  1.4  xoa_tat_6module
0     58   0    0   253  2.3  set_up_port
0     20   0    0             @const704
0    122   0    4   627  8.1  key_nhan
0     72   0    2   245  5.0  key_4x4_dw
0    124   0   10             @FLT
0     60   0    4             @SFTOI
0     54   0    2             @ITOF
0    246   1   11             @MULFF
0    632   3   16             @ADDFF
0    350   1   14             @DIVFF
0     80   0    2             @SITOF
0    904   4   46  1146  9.9  cos
0     76   0    8    44  1.9  sin
0     44   0    0   152  1.8  xuat_4led_7doan_4so
0    164   1    6   305  5.1  md4l7d_giaima_2so_vitri_vn
0     44   0    3             @DIV88
0    168   1    3   262  4.6  ds1307_cap_nhat_time
0    190   1    4   280  4.0  ds1307_doc_time
0     30   0    0    89  1.5  ds1307_kiem_tra_ma
0     34   0    0   152  1.8  xuat_glcd_lcd
0     22   0    2   104  3.0  xuat_lcd
0     20   0    2   104  3.0  xuat_glcd
0     38   0    1   123  2.2  lcd_xuat
0     10   0    1    43  1.5  lcd_command
0     10   0    1    43  1.5  lcd_data
0     94   0    0   297  2.3  lcd_setup
0     20   0    0             @const986
0     36   0    3   145  3.9  lcd_goto_xy
0     76   0    0             @const992
0    116   0    6   280  5.8  lcd_hien_thi_so_to
0     78   0    2             @MUL88
0     62   0    4   241  5.3  lcd_xoa_so_to
0      2   0    0             @const1100
0     32   0    2             @PSTRINGC_977
0      2   0    0             @const1106
0      2   0    0             @const1111
0     40   0    0   127  1.3  dht11_start
0     66   0    3   485  6.6  dht11_check_response
0     64   0    3   344  7.4  dht11_read
0     24   0    0    43  1.3  hien_thi_no_dht11
0     10   0    0             @const1121
0     22   0    0             @const1123
0     36   0    2   158  2.7  xuat_buzzer_relay
0     12   0    0             @const1182
0     38   0    1   123  2.2  glcd_xuat_db
0     10   0    1    43  1.5  glcd_command
0     12   0    1    43  1.5  glcd_data
0     88   0    1   285  1.9  setup_glcd
0    122   0    7   338  5.1  glcd_mau_nen
0     34   0    5             @MUL1616
0    268   1    6   510  8.0  glcd_pixel
0    236   1    3   447  5.2  gdram_vdk_to_gdram_glcd_all
0    526   2    0             @const1272
0    150   1   13   574  8.0  glcd_xuat_anh
0    272   1    0   172  2.2  @const1293
0    236   1    0    29  1.2  @const1297
0    310   1   17  1519  9.2  glcd_line
0     84   0    6    69  2.1  @MULS1616
0    528   2   12  1846  8.8  glcd_circle
0    440   2   20  1601 11.1  glcd_text57
0    432   2   10  2005  4.0  glcd_ve_cac_vong_tron_so
0    584   2    7   438  5.6  tinh_vi_tri_kim_gio
0     50   0    4   151  2.4  glcd_ve_kim_gio
0    582   2    7   438  5.6  tinh_vi_tri_kim_phut
0     76   0    4   221  2.4  glcd_ve_kim_phut
0    580   2    7   438  5.6  tinh_vi_tri_kim_giay
0    168   1    4   480  2.4  glcd_ve_kim_giay
0      8   0    0    29  1.2  dc_motor_enable
0     10   0    0    32  1.0  dc_motor_stop
0     28   0    0    98  3.3  phim_ud
0    240   1    2   548  5.1  hienthi_t0_lcd
0      2   0    0   582  6.8  @const1455
0     54   0    1   204  4.0  dem_xung_ngoai_t0
0     70   0    1   280  4.1  dht11_read_temp_humi
0    392   2    3  1056  5.8  dht11_hthi_lcd_nd_da
0    998   4    1  4239  7.9  MAIN
0     76   0    4   162  2.6  @DIVS88
 Inline         0   254  3.7  @cinit1

Program metrics:
    Functions               60
    Statements              1646
    Comments                1844
    Volume (V)              48960
    Difficulty (D)          247.6
    Effort to implement (E) 12121430
    Time to implement (T)   187 hours, 4 minutes
    Est Delivered Bugs (B)  18
    Cyclomatic Complexity   102
    Maintainability (MI)    119

 Segment     Used  Free
-----------  ----  ----
00000-00002     4  0  
00004-07FFE  12542  20222  



