--- Info 300 "E:\Downloads\TT VXL THAY PHU\tt_vxl_d501_thay_phu\tt_vxl_d501_thay_phu\tv_00_define_18f4550.c" Line 121(21,28): More info:   First Declaration of ma7doan
*** Error 31 "bai_504_chuoi_std_pst.c" Line 2(21,28): Identifier is already used in this scope
*** Error 43 "bai_504_chuoi_std_pst.c" Line 2(29,31): Expecting a declaration
*** Error 43 "bai_504_chuoi_std_pst.c" Line 2(31,32): Expecting a declaration
*** Error 43 "bai_504_chuoi_std_pst.c" Line 2(32,33): Expecting a declaration
*** Error 43 "bai_504_chuoi_std_pst.c" Line 2(33,34): Expecting a declaration
*** Error 43 "bai_504_chuoi_std_pst.c" Line 2(34,38): Expecting a declaration
*** Error 43 "bai_504_chuoi_std_pst.c" Line 2(38,39): Expecting a declaration
*** Error 43 "bai_504_chuoi_std_pst.c" Line 2(39,43): Expecting a declaration
*** Error 43 "bai_504_chuoi_std_pst.c" Line 2(43,44): Expecting a declaration
*** Error 43 "bai_504_chuoi_std_pst.c" Line 2(44,48): Expecting a declaration
*** Error 43 "bai_504_chuoi_std_pst.c" Line 2(48,49): Expecting a declaration
*** Error 43 "bai_504_chuoi_std_pst.c" Line 2(49,53): Expecting a declaration
*** Error 43 "bai_504_chuoi_std_pst.c" Line 2(53,54): Expecting a declaration
*** Error 43 "bai_504_chuoi_std_pst.c" Line 2(54,58): Expecting a declaration
*** Error 43 "bai_504_chuoi_std_pst.c" Line 2(58,59): Expecting a declaration
*** Error 43 "bai_504_chuoi_std_pst.c" Line 2(59,63): Expecting a declaration
*** Error 43 "bai_504_chuoi_std_pst.c" Line 2(63,64): Expecting a declaration
*** Error 43 "bai_504_chuoi_std_pst.c" Line 2(64,68): Expecting a declaration
*** Error 43 "bai_504_chuoi_std_pst.c" Line 2(68,69): Expecting a declaration
*** Error 43 "bai_504_chuoi_std_pst.c" Line 2(69,73): Expecting a declaration
*** Error 43 "bai_504_chuoi_std_pst.c" Line 2(73,74): Expecting a declaration
*** Error 43 "bai_504_chuoi_std_pst.c" Line 2(74,78): Expecting a declaration
*** Error 43 "bai_504_chuoi_std_pst.c" Line 2(78,79): Expecting a declaration
*** Error 43 "bai_504_chuoi_std_pst.c" Line 2(79,83): Expecting a declaration
*** Error 43 "bai_504_chuoi_std_pst.c" Line 2(83,84): Expecting a declaration
*** Error 43 "bai_504_chuoi_std_pst.c" Line 2(84,88): Expecting a declaration
*** Error 43 "bai_504_chuoi_std_pst.c" Line 2(88,89): Expecting a declaration
*** Error 43 "bai_504_chuoi_std_pst.c" Line 2(89,93): Expecting a declaration
*** Error 43 "bai_504_chuoi_std_pst.c" Line 2(93,94): Expecting a declaration
*** Error 43 "bai_504_chuoi_std_pst.c" Line 2(94,95): Expecting a declaration
*** Error 12 "bai_504_chuoi_std_pst.c" Line 10(7,14): Undefined identifier   dl_8l7d
      31 Errors,  0 Warnings.
Build Failed.
