
ROM used:   15204/32768 (46%)
            15204/32768 (46%) including unused fragments

            2.2 Average locations per line
            9.0 Average locations per statement

RAM used:   1214/2048 (59%) at main() level
            1298/2048 (63%) worst case

Stack used: 10 worst case (9 in main + 1 for interrupts)
Stack size: 31

Lines Stmts  %   Files
----- ----- ---  -----
  414   213  13  thi_vxl_t6.c
   24     0   0  tv_kit_vdk_pic_all.c
  212    46   3  tv_00_define_18f4550.c
  837     0   0  C:\Program Files (x86)\PICC\Devices\18f4550.h
  209    88   5  tv_01_4_nutnhan.c
   98    63   4  tv_02_matran_phim4x4_138.c
 2229   257  15  C:\Program Files (x86)\PICC\Drivers\math.h
   41    15   1  tv_03_32led_don.c
  105    47   3  tv_04_4led_7doan.c
  112    48   3  tv_05_8led_7doan_quet.c
  137    45   3  tv_05_i2c_ds13_pcf.c
   42    12   1  tv_06_lcd_glcd.c
  435   206  12  tv_06_lcd.c
   76    35   2  tv_dht11.c
  123    37   2  tv_08_relay_triac_buzzer_dc.c
  419    72   4  tv_07_adc_cb.c
   90    39   2  tv_07_ds18b20.c
  230    54   3  C:\Program Files (x86)\PICC\Drivers\touch.c
   66    27   2  tv_07_i2c_at24cxx.c
   60    20   1  tv_09_matran_led_mbi.c
  357   100   6  tv_06_glcd.c
   82    33   2  tv_08_dc_motor.c
  540   163  10  C:\Program Files (x86)\PICC\Drivers\graphics.c
  125    76   4  bai_633_glcd_kim_gio_phut_giay_tv.c
----- -----
 7063  1696 Total

Page ROM  %  RAM   Vol Diff  Functions:
---- --- --- ---   --- ----  ----------
0     40   0    1             @delay_ms1
0     32   0    1             @delay_us1
0    106   0    3             @I2C_READ_1
0    118   0    1             @I2C_WRITE_1
0     42   0    0             @const667
0     42   0    2   239  4.3  xuat_1byte
0     22   0    4   131  2.8  xuat_1word
0    112   0    0   396  1.4  xoa_tat_6module
0     58   0    0   253  2.3  set_up_port
0     30   0    0             @const704
0    124   0    4   627  8.1  key_nhan
0     76   0    2   236  5.0  key_4x4_dw_c2
0    172   1   10             @FLT
0     60   0    4             @SFTOI
0     54   0    2             @ITOF
0    290   1   11             @MULFF
0    640   2   16             @ADDFF
0    350   1   14             @DIVFF
0     80   0    2             @SITOF
0    918   3   46  1146  9.9  cos
0     76   0    8    44  1.9  sin
0     44   0    4   160  1.8  xuat_32led_don_4byte
0     36   0    8   245  3.1  xuat_32led_don_2word
0     36   0    9   120  2.8  xuat_32led_don_1dw
0     44   0    0   152  1.8  xuat_4led_7doan_4so
0    168   1    6   305  5.1  md4l7d_giaima_2so_vitri_vn
0     44   0    3             @DIV88
0     70   0    5             @DIV1616
0     36   0    0             @const907
0     68   0    3   123  2.6  xuat_8led_7doan_quet
0     16   0    0    25  1.2  tat_8led_7doan_quet
0     68   0    2   171  4.0  hien_thi_8led_7doan_quet
0    164   1    6   305  5.1  md8l7d_gma_2so_vitri_vn
0    496   2    9   759  5.4  md8l7d_gma_4so_vitri_vn
0    168   1    3   262  4.6  ds1307_cap_nhat_time
0    190   1    4   280  4.0  ds1307_doc_time
0     30   0    0    89  1.5  ds1307_kiem_tra_ma
0     34   0    0   152  1.8  xuat_glcd_lcd
0     20   0    2   104  3.0  xuat_lcd
0     20   0    2   104  3.0  xuat_glcd
0     38   0    1   123  2.2  lcd_xuat
0     10   0    1    43  1.5  lcd_command
0     10   0    1    43  1.5  lcd_data
0     92   0    0   297  2.3  lcd_setup
0     30   0    0             @const986
0     36   0    3   145  3.9  lcd_goto_xy
0    166   1    5   503  6.2  lcd_puts
0     86   0    0             @const992
0     90   0    0             @const996
0     62   0    2   127  3.5  lcd_khoi_tao_cgram_so_to
0    122   0    6   280  5.8  lcd_hien_thi_so_to
0     78   0    2             @MUL88
0     68   0    4   241  5.3  lcd_xoa_so_to
0      2   0    0             @const1100
0     34   0    2             @PSTRINGC_977
0      2   0    0             @const1106
0      2   0    0             @const1111
0     10   0    0             @const1121
0     22   0    0             @const1123
0     32   0    2   158  2.7  xuat_buzzer_relay
0     52   0    3    94  1.7  buzzer_on_off
0     64   0    1   176  2.3  touch_read_bit
0     42   0    2   149  4.3  touch_read_byte
0    116   0    1   450  3.3  touch_write_bit
0     54   0    3   185  5.6  touch_write_byte
0     90   0    2   260  3.2  touch_present
0     26   0    0    43  1.3  ds18b20_no_ds18b
0     12   0    0             @const1182
0     74   0    0   158  1.3  ds18b20_khoi_tao
0     88   0    4   260  2.9  ds18b20_read_temp
0     38   0    1   123  2.2  glcd_xuat_db
0     10   0    1    43  1.5  glcd_command
0     12   0    1    43  1.5  glcd_data
0     88   0    1   285  1.9  setup_glcd
0    122   0    7   338  5.1  glcd_mau_nen
0     34   0    5   478  4.7  @MUL1616
0    272   1    6   510  8.0  glcd_pixel
0    238   1    3   447  5.2  gdram_vdk_to_gdram_glcd_all
0      8   0    0    29  1.2  dc_motor_enable
0     24   0    0    48  1.1  dc_motor_ktao_ccp1_thuan
0    282   1    0   438  5.6  @const1307
0    246   1    0   221  2.4  @const1311
0    310   1   17  1519  9.2  glcd_line
0     84   0    6  1030  3.4  @MULS1616
0    528   2   12  1846  8.8  glcd_circle
0    442   1   20  1601 11.1  glcd_text57
0    472   2   20  2005  4.0  glcd_ve_cac_vong_tron_so
0    584   2    7   438  5.6  tinh_vi_tri_kim_gio
0     50   0    4   151  2.4  glcd_ve_kim_gio
0    582   2    7   438  5.6  tinh_vi_tri_kim_phut
0     76   0    4   221  2.4  glcd_ve_kim_phut
0    580   2    7   438  5.6  tinh_vi_tri_kim_giay
0    196   1    4   563  2.5  glcd_ve_kim_giay
0     38   0    0  2717  8.9  @const1429
0    476   2    1  1030  3.4  glcd_dong_ho_so
0     20   0    0    29  1.2  timer3_interrupt
0     84   0    3   171  4.0  hang3_dich_trai
0     86   0    3   171  4.0  hang3_dich_phai
0     38   0    0    86  2.8  phim_dich_trai
0     38   0    0    86  2.8  phim_dich_phai
0     36   0    0    86  2.8  phim_ngung
0     76   0    0   167  3.1  kiem_tra_dich_h3
0    258   1    1   605  5.2  ds18b20_a_ht_lcd
0      6   0    0    29  1.2  @const1466
0      6   0    0   171  4.0  @const1467
0      6   0    0   171  4.0  @const1468
0     62   0    0   136  3.4  ds18b20_a_doc_xuly_hthi
0     40   0    0    82  1.6  hienthi_4led7doan
0     56   0    0   181  3.5  dem_sp_t0
0    310   1    1   646  4.3  lcd_hienthi_tg_cai
0      2   0    0   605  5.2  @const1473
0     40   0    0    69  1.6  giai_ma_7doan_quet
0    128   0    2   221  4.9  tang_toc_up
0     22   0    1    90  2.8  phim_up
0    134   0    2   250  5.0  giam_toc_dw
0     20   0    1    70  2.6  phim_dw
0     78   0    0   181  3.1  phim_stop
0    916   3    1  3406  9.9  MAIN
 Inline         0  2853  9.9  @cinit1

Program metrics:
    Functions               92
    Statements              1696
    Comments                1822
    Volume (V)              74845
    Difficulty (D)          361.5
    Effort to implement (E) 27058181
    Time to implement (T)   417 hours, 34 minutes
    Est Delivered Bugs (B)  30
    Cyclomatic Complexity   128
    Maintainability (MI)    117

 Segment     Used  Free
-----------  ----  ----
00000-00002     4  0  
00004-00006     0  4  
00008-00094   142  0  
00096-07FFE  15058  17560  



