
ROM used:   1410/32768 (4%)
            1410/32768 (4%) including unused fragments

            0.2 Average locations per line
            1.1 Average locations per statement

RAM used:   85/2048 (4%) at main() level
            104/2048 (5%) worst case

Stack used: 4 worst case (4 in main + 0 for interrupts)
Stack size: 31

Lines Stmts  %   Files
----- ----- ---  -----
   64    44   4  VUMEDUBU.c
   24     0   0  ..\THU VIEN PIC 18F4550\tv_kit_vdk_pic_all.c
  212    46   4  ..\THU VIEN PIC 18F4550\tv_00_define_18f4550.c
  837     0   0  C:\Program Files (x86)\PICC\Devices\18f4550.h
  209    88   7  ..\THU VIEN PIC 18F4550\tv_01_4_nutnhan.c
   94    64   5  ..\THU VIEN PIC 18F4550\tv_02_matran_phim4x4_138.c
 2229   257  21  C:\Program Files (x86)\PICC\Drivers\math.h
   41    15   1  ..\THU VIEN PIC 18F4550\tv_03_32led_don.c
  105    47   4  ..\THU VIEN PIC 18F4550\tv_04_4led_7doan.c
  112    48   4  ..\THU VIEN PIC 18F4550\tv_05_8led_7doan_quet.c
  137    45   4  ..\THU VIEN PIC 18F4550\tv_05_i2c_ds13_pcf.c
   42    12   1  ..\THU VIEN PIC 18F4550\tv_06_lcd_glcd.c
  435   206  17  ..\THU VIEN PIC 18F4550\tv_06_lcd.c
   76    35   3  ..\THU VIEN PIC 18F4550\tv_dht11.c
  123    37   3  ..\THU VIEN PIC 18F4550\tv_08_relay_triac_buzzer_dc.c
  419    72   6  ..\THU VIEN PIC 18F4550\tv_07_adc_cb.c
  106    48   4  ..\THU VIEN PIC 18F4550\tv_07_ds18b20.c
  230    54   4  C:\Program Files (x86)\PICC\Drivers\touch.c
   66    27   2  ..\THU VIEN PIC 18F4550\tv_07_i2c_at24cxx.c
   64    29   2  ..\THU VIEN PIC 18F4550\tv_08_step_motor.c
   82    33   3  ..\THU VIEN PIC 18F4550\tv_08_dc_motor.c
   60    20   2  ..\THU VIEN PIC 18F4550\tv_09_matran_led_mbi.c
----- -----
 5767  1227 Total

Page ROM  %  RAM   Vol Diff  Functions:
---- --- --- ---   --- ----  ----------
0     38   1    1             @delay_ms1
0     26   1    1             @delay_us1
0     32   1    0   348  6.5  @const667
0     38   1    2   239  4.3  xuat_1byte
0     22   1    4   131  2.8  xuat_1word
0     88   3    0   396  1.4  xoa_tat_6module
0     58   2    0   253  2.3  set_up_port
0     72   3    4   247  3.0  phim_bt0_c1
0     72   3    4   243  3.3  phim_bt1_c1
0     68   2    3   192  4.2  phim_bt2_c2
0     68   2    3   190  4.4  phim_bt3_c2
0     36   1    4   160  1.8  xuat_32led_don_4byte
0     36   1    8   245  3.1  xuat_32led_don_2word
0     36   1    0   152  1.8  xuat_4led_7doan_4so
0    142   5    6   305  5.1  md4l7d_giaima_2so_vitri_vn
0     40   1    3             @DIV88
0      2   0    0             @const1097
0      2   0    0             @const1103
0      2   0    0             @const1108
0     10   0    0             @const1118
0     22   1    0             @const1120
0     30   1    2   158  2.7  xuat_buzzer_relay
0     36   1    3    94  1.7  buzzer_on_off
0     12   0    0             @const1184
0     30   1    0    82  1.6  b411_hienthi_4led7doan
0     50   2    0   152  3.0  b411_dem_xung_ngoai_t0
0    338  12    1   858  6.8  MAIN
 Inline         0   556  5.7  @cinit1

Program metrics:
    Functions               19
    Statements              1227
    Comments                1400
    Volume (V)              8972
    Difficulty (D)          65.0
    Effort to implement (E) 583527
    Time to implement (T)   9 hours, 0 minutes
    Est Delivered Bugs (B)  2
    Cyclomatic Complexity   27
    Maintainability (MI)    105

 Segment     Used  Free
-----------  ----  ----
00000-00002     4  0  
00004-07FFE  1406  31358  



